#
# A fatal error has been detected by the Java Runtime Environment:
#
#  EXCEPTION_ACCESS_VIOLATION (0xc0000005) at pc=0x00007ffc21807164, pid=28184, tid=24308
#
# JRE version: OpenJDK Runtime Environment (24.0.2+12) (build 24.0.2+12-54)
# Java VM: OpenJDK 64-Bit Server VM (24.0.2+12-54, mixed mode, sharing, tiered, compressed oops, compressed class ptrs, g1 gc, windows-amd64)
# Problematic frame:
# C  [jdwp.dll+0x27164]
#
# No core dump will be written. Minidumps are not enabled by default on client versions of Windows
#
# If you would like to submit a bug report, please visit:
#   https://bugreport.java.com/bugreport/crash.jsp
# The crash happened outside the Java Virtual Machine in native code.
# See problematic frame for where to report the bug.
#

---------------  S U M M A R Y ------------

Command Line: -agentlib:jdwp=transport=dt_socket,address=127.0.0.1:60661,suspend=y,server=n -javaagent:C:\Users\Dharmawan\AppData\Local\JetBrains\IntelliJIdea2025.2\captureAgent\debugger-agent.jar=file:///C:/Users/DHARMA~1/AppData/Local/Temp/capture8983066176554413725.props -agentpath:C:\Users\Dharmawan\AppData\Local\Temp\idea_libasyncProfiler_dll_temp_folder1\libasyncProfiler.dll=version,jfr,event=wall,interval=10ms,cstack=no,file=C:\Users\Dharmawan\IdeaSnapshots\ShadowDungeon_2025_09_11_172743.jfr,dbghelppath=C:\Users\Dharmawan\AppData\Local\Temp\idea_dbghelp_dll_temp_folder\dbghelp.dll,log=C:\Users\Dharmawan\AppData\Local\Temp\ShadowDungeon_2025_09_11_172743.jfr.log.txt,logLevel=DEBUG -Dkotlinx.coroutines.debug.enable.creation.stack.trace=false -Ddebugger.agent.enable.coroutines=true -Dkotlinx.coroutines.debug.enable.flows.stack.trace=true -Dkotlinx.coroutines.debug.enable.mutable.state.flows.stack.trace=true -Dfile.encoding=UTF-8 -Dsun.stdout.encoding=UTF-8 -Dsun.stderr.encoding=UTF-8 ShadowDungeon

Host: 11th Gen Intel(R) Core(TM) i5-1155G7 @ 2.50GHz, 8 cores, 7G,  Windows 11 , 64 bit Build 26100 (10.0.26100.4768)
Time: Thu Sep 11 17:27:45 2025 AUS Eastern Standard Time elapsed time: 1.455283 seconds (0d 0h 0m 1s)

---------------  T H R E A D  ---------------

Current thread (0x000001d7c231e430):  JavaThread "main"             [_thread_in_native, id=24308, stack(0x00000092d9d00000,0x00000092d9e00000) (1024K)]

Stack: [0x00000092d9d00000,0x00000092d9e00000],  sp=0x00000092d9dfe4d8,  free space=1017k
Native frames: (J=compiled Java code, j=interpreted, Vv=VM code, C=native code)
C  [jdwp.dll+0x27164]  (no source info available)
C  [jdwp.dll+0x167c3]  (no source info available)
C  [jdwp.dll+0x12c7f]  (no source info available)
V  [jvm.dll+0x5db047]  (no source info available)
V  [jvm.dll+0x4011a3]  (no source info available)
V  [jvm.dll+0x3ffb86]  (no source info available)
V  [jvm.dll+0x3ffb28]  (no source info available)
V  [jvm.dll+0x62a86b]  (no source info available)
V  [jvm.dll+0x62a929]  (no source info available)
V  [jvm.dll+0x416389]  (no source info available)
V  [jvm.dll+0x415eb6]  (no source info available)
C  0x000001d7d2a4f7d1  (no source info available)

The last pc belongs to getstatic (printed below).
Java frames: (J=compiled Java code, j=interpreted, Vv=VM code)
j  org.lwjgl.glfw.GLFW.glfwInit()Z+0
j  bagel.AbstractGame.<clinit>()V+19
v  ~StubRoutines::call_stub 0x000001d7d2a30fcd

siginfo: EXCEPTION_ACCESS_VIOLATION (0xc0000005), reading address 0xffffffffffffffff


Registers:
RAX=0x000001d826200b80, RBX=0x000001d821008ab0, RCX=0x000001d7c231e7f8, RDX=0x000001d821008ab0
RSP=0x00000092d9dfe4d8, RBP=0x0000000000000002, RSI=0x000001d7c231e7f8, RDI=0x00000092d9dfe580
R8 =0x0000000000010002, R9 =0x0000000000000000, R10=0x00007ffc30a70000, R11=0x00000092d9dfe4a8
R12=0x0000000000000000, R13=0x000001d821008ab0, R14=0x00007ffc21810500, R15=0x0000000000000007
RIP=0x00007ffc21807164, EFLAGS=0x0000000000010202

XMM[0]=0x0000000000000000 0x0000000000000000
XMM[1]=0x0000000000000000 0x0000000000000000
XMM[2]=0x0000000000000000 0x0000000000000000
XMM[3]=0x0000000000000000 0x0000000000000000
XMM[4]=0x0000000000000000 0x0000000000000000
XMM[5]=0x0000000000000000 0x0000000000000000
XMM[6]=0x0000000000000000 0x0000000000000000
XMM[7]=0x0000000000000000 0x0000000000000000
XMM[8]=0x0000000000000000 0x0000000000000000
XMM[9]=0x0000000000000000 0x0000000000000000
XMM[10]=0x0000000000000000 0x0000000000000000
XMM[11]=0x0000000000000000 0x0000000000000000
XMM[12]=0x0000000000000000 0x0000000000000000
XMM[13]=0x0000000000000000 0x0000000000000000
XMM[14]=0x0000000000000000 0x0000000000000000
XMM[15]=0x0000000000000000 0x0000000000000000
  MXCSR=0x00001fa0


Register to memory mapping:

RAX=0x000001d826200b80 points into unknown readable memory: 0x0000000000000000 | 00 00 00 00 00 00 00 00
RBX=0x000001d821008ab0 points into unknown readable memory: 0x000000008c501ed8 | d8 1e 50 8c 00 00 00 00
RCX=0x000001d7c231e7f8 points into unknown readable memory: 0x000001d826200b80 | 80 0b 20 26 d8 01 00 00
RDX=0x000001d821008ab0 points into unknown readable memory: 0x000000008c501ed8 | d8 1e 50 8c 00 00 00 00
RSP=0x00000092d9dfe4d8 is pointing into the stack for thread: 0x000001d7c231e430
RBP=0x0000000000000002 is an unknown value
RSI=0x000001d7c231e7f8 points into unknown readable memory: 0x000001d826200b80 | 80 0b 20 26 d8 01 00 00
RDI=0x00000092d9dfe580 is pointing into the stack for thread: 0x000001d7c231e430
R8 =0x0000000000010002 is an unknown value
R9 =0x0 is null
R10=0x00007ffc30a70000 VCRUNTIME140.dll
R11=0x00000092d9dfe4a8 is pointing into the stack for thread: 0x000001d7c231e430
R12=0x0 is null
R13=0x000001d821008ab0 points into unknown readable memory: 0x000000008c501ed8 | d8 1e 50 8c 00 00 00 00
R14=0x00007ffc21810500 jdwp.dll
R15=0x0000000000000007 is an unknown value

Top of Stack: (sp=0x00000092d9dfe4d8)
0x00000092d9dfe4d8:   00007ffc217f67c3 000001d821008ab0   .g.!.......!....
0x00000092d9dfe4e8:   000001d7c231e7f8 0000000000000000   ..1.............
0x00000092d9dfe4f8:   0000000000000000 000001d7bfef3250   ........P2......
0x00000092d9dfe508:   0000000000000020 000001d7bff15728    .......(W......
0x00000092d9dfe518:   00007ffc218105e8 000001d7c231ea28   ...!....(.1.....
0x00000092d9dfe528:   00007ffc217f2c7f 000001d821008ab0   .,.!.......!....
0x00000092d9dfe538:   0000000000000002 000001d7c231e7f8   ..........1.....
0x00000092d9dfe548:   000001d821008ab8 000001d82116ea40   ...!....@..!....
0x00000092d9dfe558:   00007ffbbb9a03a1 000001d82116f528   ........(..!....
0x00000092d9dfe568:   000001d82116ea40 00000092d9dfe810   @..!............
0x00000092d9dfe578:   000001d7c231e430 0000000000000007   0.1.............
0x00000092d9dfe588:   000001d821008ab0 0000000000000000   ...!............
0x00000092d9dfe598:   000001d821008ab8 0000000000000000   ...!............
0x00000092d9dfe5a8:   0000000000000000 0000000000000000   ................
0x00000092d9dfe5b8:   0000000000000000 0000000000000000   ................
0x00000092d9dfe5c8:   0000000000000000 0000000000000000   ................
0x00000092d9dfe5d8:   000001d7c231ea28 000001d7e100fd18   (.1.............
0x00000092d9dfe5e8:   00007ffbbbcbb047 000001d821008ab8   G..........!....
0x00000092d9dfe5f8:   000001d7cb4f5d20 000001d7c231e430    ]O.....0.1.....
0x00000092d9dfe608:   00000000000003d8 0000000000000000   ................
0x00000092d9dfe618:   000001d7c228af00 00000092d9dfe7b0   ..(.............
0x00000092d9dfe628:   0000000000000005 000001d7c231e430   ........0.1.....
0x00000092d9dfe638:   00007ffbbb99e472 00006c755892758f   r........u.Xul..
0x00000092d9dfe648:   000001d7e065e240 000001d7c2296350   @.e.....Pc).....
0x00000092d9dfe658:   000001d7c231eb70 000001d7c231eb80   p.1.......1.....
0x00000092d9dfe668:   000001d7c231ef58 00000000000003d8   X.1.............
0x00000092d9dfe678:   000001d7c231e430 000001d7c231e430   0.1.....0.1.....
0x00000092d9dfe688:   000001d7c2296a90 000001d7bfefc4b0   .j).............
0x00000092d9dfe698:   000001d7bfefc4d8 000001d7bfefc598   ................
0x00000092d9dfe6a8:   00000000000000d8 00000092d9dfe6c0   ................
0x00000092d9dfe6b8:   00007ffbbbddc163 000001d7c231e430   c.......0.1.....
0x00000092d9dfe6c8:   000001d7c2296a90 000001d7bfefc4b0   .j).............

Instructions: (pc=0x00007ffc21807164)
  0x00007ffc21807064:   05 87 00 01 00 48 8b 03 48 8b d7 4d 8b 40 30 48
  0x00007ffc21807074:   8b cb 48 8b 5c 24 30 48 83 c4 20 5f 48 ff a0 00
  0x00007ffc21807084:   01 00 00 cc 48 89 5c 24 08 57 48 83 ec 20 48 8b
  0x00007ffc21807094:   f9 e8 de eb ff ff 4c 8b 05 4f 00 01 00 48 8b d8
  0x00007ffc218070a4:   41 f6 80 10 02 00 00 02 74 33 41 b8 04 06 00 00
  0x00007ffc218070b4:   48 8d 15 dd be 00 00 48 8d 0d 12 53 00 00 e8 81
  0x00007ffc218070c4:   47 ff ff 48 8d 15 ea 91 00 00 48 8d 0d 13 53 00
  0x00007ffc218070d4:   00 e8 16 48 ff ff 4c 8b 05 0f 00 01 00 48 8b 03
  0x00007ffc218070e4:   48 8b d7 4d 8b 40 38 48 8b cb 48 8b 5c 24 30 48
  0x00007ffc218070f4:   83 c4 20 5f 48 ff a0 00 01 00 00 cc 48 89 5c 24
  0x00007ffc21807104:   08 57 48 83 ec 20 48 8b f9 e8 66 eb ff ff 48 8b
  0x00007ffc21807114:   15 d7 ff 00 00 48 8b d8 f6 82 10 02 00 00 02 74
  0x00007ffc21807124:   2c 41 b8 f6 05 00 00 48 8d 15 66 be 00 00 48 8d
  0x00007ffc21807134:   0d 9b 52 00 00 e8 0a 47 ff ff 48 8d 15 5b 63 00
  0x00007ffc21807144:   00 48 8d 0d 9c 52 00 00 e8 9f 47 ff ff 48 8b 03
  0x00007ffc21807154:   48 8b d7 48 8b cb 48 8b 5c 24 30 48 83 c4 20 5f
=>0x00007ffc21807164:   48 ff a0 50 07 00 00 cc 48 89 5c 24 08 48 89 74
  0x00007ffc21807174:   24 10 48 89 7c 24 18 41 56 48 83 ec 20 4c 63 f2
  0x00007ffc21807184:   49 8b d8 48 8b d1 41 8b f9 48 8b cb 4d 8d 46 ff
  0x00007ffc21807194:   ff 15 be 50 00 00 85 c0 75 3c 41 0f be 44 1e ff
  0x00007ffc218071a4:   3b c7 75 32 49 03 de eb 10 0f be c8 ff 15 ba 50
  0x00007ffc218071b4:   00 00 85 c0 74 09 48 ff c3 8a 03 84 c0 75 ea 80
  0x00007ffc218071c4:   3b 3b 74 12 8b d7 48 8b cb e8 40 4b 00 00 48 85
  0x00007ffc218071d4:   c0 0f 94 c0 eb 02 32 c0 48 8b 5c 24 30 48 8b 74
  0x00007ffc218071e4:   24 38 48 8b 7c 24 40 48 83 c4 20 41 5e c3 cc cc
  0x00007ffc218071f4:   0f b6 d1 83 fa 1e 0f 87 83 00 00 00 74 7b 83 fa
  0x00007ffc21807204:   07 77 41 74 39 83 ea 01 74 2e 83 ea 01 74 23 83
  0x00007ffc21807214:   ea 01 74 18 83 ea 01 74 0d 83 fa 02 0f 85 8a 00
  0x00007ffc21807224:   00 00 8d 42 03 c3 b8 04 00 00 00 c3 b8 03 00 00
  0x00007ffc21807234:   00 c3 b8 02 00 00 00 c3 b8 01 00 00 00 c3 b8 06
  0x00007ffc21807244:   00 00 00 c3 b8 08 00 00 00 2b d0 74 26 83 ea 01
  0x00007ffc21807254:   0f 84 88 00 00 00 83 ea 01 74 12 b8 0a 00 00 00


Stack slot to memory mapping:

stack at sp + 0 slots: 0x00007ffc217f67c3 jdwp.dll
stack at sp + 1 slots: 0x000001d821008ab0 points into unknown readable memory: 0x000000008c501ed8 | d8 1e 50 8c 00 00 00 00
stack at sp + 2 slots: 0x000001d7c231e7f8 points into unknown readable memory: 0x000001d826200b80 | 80 0b 20 26 d8 01 00 00
stack at sp + 3 slots: 0x0 is null
stack at sp + 4 slots: 0x0 is null
stack at sp + 5 slots: 0x000001d7bfef3250 points into unknown readable memory: 0x000001d7bff156e0 | e0 56 f1 bf d7 01 00 00
stack at sp + 6 slots: 0x0000000000000020 is an unknown value
stack at sp + 7 slots: 0x000001d7bff15728 points into unknown readable memory: 0x8000001200000001 | 01 00 00 00 12 00 00 80

Lock stack of current Java thread (top to bottom):
LockStack[0]: [I 
{0x000000008bcecd78} - klass: {type array int} - flags: is_cloneable_fast 

 - length: 0

getstatic  178 getstatic  [0x000001d7d2a4f720, 0x000001d7d2a4fb78]  1112 bytes
[MachCode]
  0x000001d7d2a4f720: 4883 ec08 | c5fa 1104 | 24eb 1f48 | 83ec 10c5 | fb11 0424 | eb14 4883 | ec10 4889 | 0424 48c7 
  0x000001d7d2a4f740: 4424 0800 | 0000 00eb | 0150 488b | 4dd0 410f | b755 0148 | 8b49 306b | d218 488d | 4c11 080f 
  0x000001d7d2a4f760: b659 1281 | fbb2 0000 | 000f 8474 | 0100 00bb | b200 0000 | e805 0000 | 00e9 5001 | 0000 488b 
  0x000001d7d2a4f780: d348 8d44 | 2408 4c89 | 6dc0 498b | cfc5 f877 | 4989 afb8 | 0300 0049 | 8987 a803 | 0000 4883 
  0x000001d7d2a4f7a0: ec20 40f6 | c40f 0f84 | 1900 0000 | 4883 ec08 | 48b8 505d | afbb fb7f | 0000 ffd0 | 4883 c408 
  0x000001d7d2a4f7c0: e90c 0000 | 0048 b850 | 5daf bbfb | 7f00 00ff | d048 83c4 | 2049 c787 | a803 0000 | 0000 0000 
  0x000001d7d2a4f7e0: 49c7 87b8 | 0300 0000 | 0000 0049 | c787 b003 | 0000 0000 | 0000 c5f8 | 7741 8b8f | 3405 0000 
  0x000001d7d2a4f800: f6c1 010f | 8442 0000 | 00f6 c102 | 0f85 3900 | 0000 4883 | ec20 40f6 | c40f 0f84 | 1900 0000 
  0x000001d7d2a4f820: 4883 ec08 | 48b8 f002 | afbb fb7f | 0000 ffd0 | 4883 c408 | e90c 0000 | 0048 b8f0 | 02af bbfb 
  0x000001d7d2a4f840: 7f00 00ff | d048 83c4 | 20ff e049 | 8b8f f805 | 0000 4885 | c90f 8455 | 0000 008b | 899c 0000 
  0x000001d7d2a4f860: 0083 f901 | 0f85 4600 | 0000 498b | 8ff8 0500 | 008b 89a0 | 0000 0048 | 83ec 2040 | f6c4 0f0f 
  0x000001d7d2a4f880: 8419 0000 | 0048 83ec | 0848 b8e0 | 02af bbfb | 7f00 00ff | d048 83c4 | 08e9 0c00 | 0000 48b8 
  0x000001d7d2a4f8a0: e002 afbb | fb7f 0000 | ffd0 4883 | c420 ffe0 | 4983 7f08 | 000f 8405 | 0000 00e9 | 0016 feff 
  0x000001d7d2a4f8c0: 4c8b 6dc0 | 4c8b 75c8 | 4e8d 74f5 | 00c3 488b | 4dd0 410f | b755 0148 | 8b49 306b | d218 488d 
  0x000001d7d2a4f8e0: 4c11 0848 | b870 d938 | bcfb 7f00 | 008b 0085 | c00f 848a | 0100 0048 | 8b4d d041 | 0fb7 5501 
  0x000001d7d2a4f900: 488b 4930 | 6bd2 1848 | 8d4c 1108 | 4833 c0e8 | 0500 0000 | e953 0100 | 004c 8bc1 | 488b d048 
  0x000001d7d2a4f920: 8d44 2408 | 4c89 6dc0 | 498b cfc5 | f877 4989 | afb8 0300 | 0049 8987 | a803 0000 | 4883 ec20 
  0x000001d7d2a4f940: 40f6 c40f | 0f84 1900 | 0000 4883 | ec08 48b8 | c052 afbb | fb7f 0000 | ffd0 4883 | c408 e90c 
  0x000001d7d2a4f960: 0000 0048 | b8c0 52af | bbfb 7f00 | 00ff d048 | 83c4 2049 | c787 a803 | 0000 0000 | 0000 49c7 
  0x000001d7d2a4f980: 87b8 0300 | 0000 0000 | 0049 c787 | b003 0000 | 0000 0000 | c5f8 7741 | 8b8f 3405 | 0000 f6c1 
  0x000001d7d2a4f9a0: 010f 8442 | 0000 00f6 | c102 0f85 | 3900 0000 | 4883 ec20 | 40f6 c40f | 0f84 1900 | 0000 4883 
  0x000001d7d2a4f9c0: ec08 48b8 | f002 afbb | fb7f 0000 | ffd0 4883 | c408 e90c | 0000 0048 | b8f0 02af | bbfb 7f00 
  0x000001d7d2a4f9e0: 00ff d048 | 83c4 20ff | e049 8b8f | f805 0000 | 4885 c90f | 8455 0000 | 008b 899c | 0000 0083 
  0x000001d7d2a4fa00: f901 0f85 | 4600 0000 | 498b 8ff8 | 0500 008b | 89a0 0000 | 0048 83ec | 2040 f6c4 | 0f0f 8419 
  0x000001d7d2a4fa20: 0000 0048 | 83ec 0848 | b8e0 02af | bbfb 7f00 | 00ff d048 | 83c4 08e9 | 0c00 0000 | 48b8 e002 
  0x000001d7d2a4fa40: afbb fb7f | 0000 ffd0 | 4883 c420 | ffe0 4983 | 7f08 000f | 8405 0000 | 00e9 6214 | feff 4c8b 
  0x000001d7d2a4fa60: 6dc0 4c8b | 75c8 4e8d | 74f5 00c3 | 488b 4dd0 | 410f b755 | 0148 8b49 | 306b d218 | 488d 4c11 
  0x000001d7d2a4fa80: 088b 5908 | 0fb6 5111 | 0fb6 4110 | 4c8b 094d | 8b49 704d | 8b09 85c0 | 0f85 0b00 | 0000 410f 
  0x000001d7d2a4faa0: be04 1950 | e9b1 0000 | 0083 f801 | 0f85 0b00 | 0000 410f | b604 1950 | e99d 0000 | 0083 f808 
  0x000001d7d2a4fac0: 0f85 0a00 | 0000 418b | 0419 50e9 | 8a00 0000 | 83f8 040f | 850a 0000 | 0041 8b04 | 1950 e977 
  0x000001d7d2a4fae0: 0000 0083 | f802 0f85 | 0b00 0000 | 410f b704 | 1950 e963 | 0000 0083 | f803 0f85 | 0b00 0000 
  0x000001d7d2a4fb00: 410f bf04 | 1950 e94f | 0000 0083 | f805 0f85 | 1a00 0000 | 498b 0419 | 4883 ec10 | 4889 0424 
  0x000001d7d2a4fb20: 48c7 4424 | 0800 0000 | 00e9 2c00 | 0000 83f8 | 060f 8514 | 0000 00c4 | c17a 1004 | 1948 83ec 
  0x000001d7d2a4fb40: 08c5 fa11 | 0424 e90f | 0000 00c4 | c17b 1004 | 1948 83ec | 10c5 fb11 | 0424 410f | b65d 0349 
  0x000001d7d2a4fb60: 83c5 0349 | ba70 913b | bcfb 7f00 | 0041 ff24 | da0f 1f80 | 0000 0000 
[/MachCode]

---------------  P R O C E S S  ---------------

Threads class SMR info:
_java_thread_list=0x000001d821545910, length=15, elements={
0x000001d7c231e430, 0x000001d821171000, 0x000001d821171740, 0x000001d821175590,
0x000001d8211728e0, 0x000001d821175ed0, 0x000001d821178620, 0x000001d82117a230,
0x000001d8211868b0, 0x000001d8213ee3b0, 0x000001d8213da470, 0x000001d8213d1ae0,
0x000001d8214449c0, 0x000001d82151ffd0, 0x000001d821531d60
}

Java Threads: ( => current thread )
=>0x000001d7c231e430 JavaThread "main"                              [_thread_in_native, id=24308, stack(0x00000092d9d00000,0x00000092d9e00000) (1024K)]
  0x000001d821171000 JavaThread "Reference Handler"          daemon [_thread_blocked, id=15760, stack(0x00000092da600000,0x00000092da700000) (1024K)]
  0x000001d821171740 JavaThread "Finalizer"                  daemon [_thread_blocked, id=24860, stack(0x00000092da700000,0x00000092da800000) (1024K)]
  0x000001d821175590 JavaThread "Signal Dispatcher"          daemon [_thread_blocked, id=32008, stack(0x00000092da800000,0x00000092da900000) (1024K)]
  0x000001d8211728e0 JavaThread "Attach Listener"            daemon [_thread_blocked, id=4920, stack(0x00000092da900000,0x00000092daa00000) (1024K)]
  0x000001d821175ed0 JavaThread "Service Thread"             daemon [_thread_blocked, id=33068, stack(0x00000092daa00000,0x00000092dab00000) (1024K)]
  0x000001d821178620 JavaThread "Monitor Deflation Thread"   daemon [_thread_blocked, id=27536, stack(0x00000092dab00000,0x00000092dac00000) (1024K)]
  0x000001d82117a230 JavaThread "C2 CompilerThread0"         daemon [_thread_blocked, id=13832, stack(0x00000092dac00000,0x00000092dad00000) (1024K)]
  0x000001d8211868b0 JavaThread "C1 CompilerThread0"         daemon [_thread_blocked, id=6568, stack(0x00000092dad00000,0x00000092dae00000) (1024K)]
  0x000001d8213ee3b0 JavaThread "JDWP Transport Listener: dt_socket" daemon [_thread_blocked, id=12060, stack(0x00000092daf00000,0x00000092db000000) (1024K)]
  0x000001d8213da470 JavaThread "JDWP Event Helper Thread"   daemon [_thread_blocked, id=17928, stack(0x00000092db000000,0x00000092db100000) (1024K)]
  0x000001d8213d1ae0 JavaThread "JDWP Command Reader"        daemon [_thread_in_native, id=30580, stack(0x00000092db100000,0x00000092db200000) (1024K)]
  0x000001d8214449c0 JavaThread "Common-Cleaner"             daemon [_thread_blocked, id=18476, stack(0x00000092dae00000,0x00000092daf00000) (1024K)]
  0x000001d82151ffd0 JavaThread "IntelliJ Suspend Helper"    daemon [_thread_blocked, id=31616, stack(0x00000092db200000,0x00000092db300000) (1024K)]
  0x000001d821531d60 JavaThread "Notification Thread"        daemon [_thread_blocked, id=7912, stack(0x00000092db300000,0x00000092db400000) (1024K)]
Total: 15

Other Threads:
  0x000001d82115ad10 VMThread "VM Thread"                           [id=456, stack(0x00000092da500000,0x00000092da600000) (1024K)]
  0x000001d821007770 WatcherThread "VM Periodic Task Thread"        [id=25360, stack(0x00000092da400000,0x00000092da500000) (1024K)]
  0x000001d7cb411950 WorkerThread "GC Thread#0"                     [id=20388, stack(0x00000092d9f00000,0x00000092da000000) (1024K)]
  0x000001d7cb425c20 ConcurrentGCThread "G1 Main Marker"            [id=15720, stack(0x00000092da000000,0x00000092da100000) (1024K)]
  0x000001d7cb427790 WorkerThread "G1 Conc#0"                       [id=13780, stack(0x00000092da100000,0x00000092da200000) (1024K)]
  0x000001d7cb4ea8d0 ConcurrentGCThread "G1 Refine#0"               [id=360, stack(0x00000092da200000,0x00000092da300000) (1024K)]
  0x000001d7cb4eb100 ConcurrentGCThread "G1 Service"                [id=33444, stack(0x00000092da300000,0x00000092da400000) (1024K)]
Total: 7

Threads with active compile tasks:
Total: 0

VM state: not at safepoint (normal execution)

VM Mutex/Monitor currently owned by a thread: None

Heap address: 0x0000000084a00000, size: 1974 MB, Compressed Oops mode: 32-bit

CDS archive(s) mapped at: [0x000001d7e0000000-0x000001d7e0d40000-0x000001d7e0d40000), size 13893632, SharedBaseAddress: 0x000001d7e0000000, ArchiveRelocationMode: 1.
Compressed class space mapped at: 0x000001d7e1000000-0x000001d821000000, reserved size: 1073741824
UseCompressedClassPointers 1, UseCompactObjectHeaders 0
Narrow klass pointer bits 32, Max shift 3
Narrow klass base: 0x000001d7e0000000, Narrow klass shift: 0
Encoding Range: [0x000001d7e0000000 - 0x000001d8e0000000), (4294967296 bytes)
Klass Range:    [0x000001d7e0000000 - 0x000001d821000000), (1090519040 bytes)
Klass ID Range:  [8 - 1090519033) (1090519025)

GC Precious Log:
 CardTable entry size: 512
 Card Set container configuration: InlinePtr #cards 5 size 8 Array Of Cards #cards 10 size 36 Howl #buckets 4 coarsen threshold 1843 Howl Bitmap #cards 512 size 80 coarsen threshold 460 Card regions per heap region 1 cards per card region 2048
 CPUs: 8 total, 8 available
 Memory: 7894M
 Large Page Support: Disabled
 NUMA Support: Disabled
 Compressed Oops: Enabled (32-bit)
 Heap Region Size: 1M
 Heap Min Capacity: 8M
 Heap Initial Capacity: 124M
 Heap Max Capacity: 1974M
 Pre-touch: Disabled
 Parallel Workers: 8
 Concurrent Workers: 2
 Concurrent Refinement Workers: 8
 Periodic GC: Disabled

Heap:
 garbage-first heap   total reserved 2021376K, committed 129024K, used 10352K [0x0000000084a00000, 0x0000000100000000)
  region size 1024K, 10 young (10240K), 0 survivors (0K)
 Metaspace       used 4318K, committed 4544K, reserved 1114112K
  class space    used 318K, committed 448K, reserved 1048576K

Heap Regions: E=young(eden), S=young(survivor), O=old, HS=humongous(starts), HC=humongous(continues), CS=collection set, F=free, TAMS=top-at-mark-start, PB=parsable bottom
|   0|0x0000000084a00000, 0x0000000084a00000, 0x0000000084b00000|  0%| F|  |TAMS 0x0000000084a00000| PB 0x0000000084a00000| Untracked |  0
|   1|0x0000000084b00000, 0x0000000084b00000, 0x0000000084c00000|  0%| F|  |TAMS 0x0000000084b00000| PB 0x0000000084b00000| Untracked |  0
|   2|0x0000000084c00000, 0x0000000084c00000, 0x0000000084d00000|  0%| F|  |TAMS 0x0000000084c00000| PB 0x0000000084c00000| Untracked |  0
|   3|0x0000000084d00000, 0x0000000084d00000, 0x0000000084e00000|  0%| F|  |TAMS 0x0000000084d00000| PB 0x0000000084d00000| Untracked |  0
|   4|0x0000000084e00000, 0x0000000084e00000, 0x0000000084f00000|  0%| F|  |TAMS 0x0000000084e00000| PB 0x0000000084e00000| Untracked |  0
|   5|0x0000000084f00000, 0x0000000084f00000, 0x0000000085000000|  0%| F|  |TAMS 0x0000000084f00000| PB 0x0000000084f00000| Untracked |  0
|   6|0x0000000085000000, 0x0000000085000000, 0x0000000085100000|  0%| F|  |TAMS 0x0000000085000000| PB 0x0000000085000000| Untracked |  0
|   7|0x0000000085100000, 0x0000000085100000, 0x0000000085200000|  0%| F|  |TAMS 0x0000000085100000| PB 0x0000000085100000| Untracked |  0
|   8|0x0000000085200000, 0x0000000085200000, 0x0000000085300000|  0%| F|  |TAMS 0x0000000085200000| PB 0x0000000085200000| Untracked |  0
|   9|0x0000000085300000, 0x0000000085300000, 0x0000000085400000|  0%| F|  |TAMS 0x0000000085300000| PB 0x0000000085300000| Untracked |  0
|  10|0x0000000085400000, 0x0000000085400000, 0x0000000085500000|  0%| F|  |TAMS 0x0000000085400000| PB 0x0000000085400000| Untracked |  0
|  11|0x0000000085500000, 0x0000000085500000, 0x0000000085600000|  0%| F|  |TAMS 0x0000000085500000| PB 0x0000000085500000| Untracked |  0
|  12|0x0000000085600000, 0x0000000085600000, 0x0000000085700000|  0%| F|  |TAMS 0x0000000085600000| PB 0x0000000085600000| Untracked |  0
|  13|0x0000000085700000, 0x0000000085700000, 0x0000000085800000|  0%| F|  |TAMS 0x0000000085700000| PB 0x0000000085700000| Untracked |  0
|  14|0x0000000085800000, 0x0000000085800000, 0x0000000085900000|  0%| F|  |TAMS 0x0000000085800000| PB 0x0000000085800000| Untracked |  0
|  15|0x0000000085900000, 0x0000000085900000, 0x0000000085a00000|  0%| F|  |TAMS 0x0000000085900000| PB 0x0000000085900000| Untracked |  0
|  16|0x0000000085a00000, 0x0000000085a00000, 0x0000000085b00000|  0%| F|  |TAMS 0x0000000085a00000| PB 0x0000000085a00000| Untracked |  0
|  17|0x0000000085b00000, 0x0000000085b00000, 0x0000000085c00000|  0%| F|  |TAMS 0x0000000085b00000| PB 0x0000000085b00000| Untracked |  0
|  18|0x0000000085c00000, 0x0000000085c00000, 0x0000000085d00000|  0%| F|  |TAMS 0x0000000085c00000| PB 0x0000000085c00000| Untracked |  0
|  19|0x0000000085d00000, 0x0000000085d00000, 0x0000000085e00000|  0%| F|  |TAMS 0x0000000085d00000| PB 0x0000000085d00000| Untracked |  0
|  20|0x0000000085e00000, 0x0000000085e00000, 0x0000000085f00000|  0%| F|  |TAMS 0x0000000085e00000| PB 0x0000000085e00000| Untracked |  0
|  21|0x0000000085f00000, 0x0000000085f00000, 0x0000000086000000|  0%| F|  |TAMS 0x0000000085f00000| PB 0x0000000085f00000| Untracked |  0
|  22|0x0000000086000000, 0x0000000086000000, 0x0000000086100000|  0%| F|  |TAMS 0x0000000086000000| PB 0x0000000086000000| Untracked |  0
|  23|0x0000000086100000, 0x0000000086100000, 0x0000000086200000|  0%| F|  |TAMS 0x0000000086100000| PB 0x0000000086100000| Untracked |  0
|  24|0x0000000086200000, 0x0000000086200000, 0x0000000086300000|  0%| F|  |TAMS 0x0000000086200000| PB 0x0000000086200000| Untracked |  0
|  25|0x0000000086300000, 0x0000000086300000, 0x0000000086400000|  0%| F|  |TAMS 0x0000000086300000| PB 0x0000000086300000| Untracked |  0
|  26|0x0000000086400000, 0x0000000086400000, 0x0000000086500000|  0%| F|  |TAMS 0x0000000086400000| PB 0x0000000086400000| Untracked |  0
|  27|0x0000000086500000, 0x0000000086500000, 0x0000000086600000|  0%| F|  |TAMS 0x0000000086500000| PB 0x0000000086500000| Untracked |  0
|  28|0x0000000086600000, 0x0000000086600000, 0x0000000086700000|  0%| F|  |TAMS 0x0000000086600000| PB 0x0000000086600000| Untracked |  0
|  29|0x0000000086700000, 0x0000000086700000, 0x0000000086800000|  0%| F|  |TAMS 0x0000000086700000| PB 0x0000000086700000| Untracked |  0
|  30|0x0000000086800000, 0x0000000086800000, 0x0000000086900000|  0%| F|  |TAMS 0x0000000086800000| PB 0x0000000086800000| Untracked |  0
|  31|0x0000000086900000, 0x0000000086900000, 0x0000000086a00000|  0%| F|  |TAMS 0x0000000086900000| PB 0x0000000086900000| Untracked |  0
|  32|0x0000000086a00000, 0x0000000086a00000, 0x0000000086b00000|  0%| F|  |TAMS 0x0000000086a00000| PB 0x0000000086a00000| Untracked |  0
|  33|0x0000000086b00000, 0x0000000086b00000, 0x0000000086c00000|  0%| F|  |TAMS 0x0000000086b00000| PB 0x0000000086b00000| Untracked |  0
|  34|0x0000000086c00000, 0x0000000086c00000, 0x0000000086d00000|  0%| F|  |TAMS 0x0000000086c00000| PB 0x0000000086c00000| Untracked |  0
|  35|0x0000000086d00000, 0x0000000086d00000, 0x0000000086e00000|  0%| F|  |TAMS 0x0000000086d00000| PB 0x0000000086d00000| Untracked |  0
|  36|0x0000000086e00000, 0x0000000086e00000, 0x0000000086f00000|  0%| F|  |TAMS 0x0000000086e00000| PB 0x0000000086e00000| Untracked |  0
|  37|0x0000000086f00000, 0x0000000086f00000, 0x0000000087000000|  0%| F|  |TAMS 0x0000000086f00000| PB 0x0000000086f00000| Untracked |  0
|  38|0x0000000087000000, 0x0000000087000000, 0x0000000087100000|  0%| F|  |TAMS 0x0000000087000000| PB 0x0000000087000000| Untracked |  0
|  39|0x0000000087100000, 0x0000000087100000, 0x0000000087200000|  0%| F|  |TAMS 0x0000000087100000| PB 0x0000000087100000| Untracked |  0
|  40|0x0000000087200000, 0x0000000087200000, 0x0000000087300000|  0%| F|  |TAMS 0x0000000087200000| PB 0x0000000087200000| Untracked |  0
|  41|0x0000000087300000, 0x0000000087300000, 0x0000000087400000|  0%| F|  |TAMS 0x0000000087300000| PB 0x0000000087300000| Untracked |  0
|  42|0x0000000087400000, 0x0000000087400000, 0x0000000087500000|  0%| F|  |TAMS 0x0000000087400000| PB 0x0000000087400000| Untracked |  0
|  43|0x0000000087500000, 0x0000000087500000, 0x0000000087600000|  0%| F|  |TAMS 0x0000000087500000| PB 0x0000000087500000| Untracked |  0
|  44|0x0000000087600000, 0x0000000087600000, 0x0000000087700000|  0%| F|  |TAMS 0x0000000087600000| PB 0x0000000087600000| Untracked |  0
|  45|0x0000000087700000, 0x0000000087700000, 0x0000000087800000|  0%| F|  |TAMS 0x0000000087700000| PB 0x0000000087700000| Untracked |  0
|  46|0x0000000087800000, 0x0000000087800000, 0x0000000087900000|  0%| F|  |TAMS 0x0000000087800000| PB 0x0000000087800000| Untracked |  0
|  47|0x0000000087900000, 0x0000000087900000, 0x0000000087a00000|  0%| F|  |TAMS 0x0000000087900000| PB 0x0000000087900000| Untracked |  0
|  48|0x0000000087a00000, 0x0000000087a00000, 0x0000000087b00000|  0%| F|  |TAMS 0x0000000087a00000| PB 0x0000000087a00000| Untracked |  0
|  49|0x0000000087b00000, 0x0000000087b00000, 0x0000000087c00000|  0%| F|  |TAMS 0x0000000087b00000| PB 0x0000000087b00000| Untracked |  0
|  50|0x0000000087c00000, 0x0000000087c00000, 0x0000000087d00000|  0%| F|  |TAMS 0x0000000087c00000| PB 0x0000000087c00000| Untracked |  0
|  51|0x0000000087d00000, 0x0000000087d00000, 0x0000000087e00000|  0%| F|  |TAMS 0x0000000087d00000| PB 0x0000000087d00000| Untracked |  0
|  52|0x0000000087e00000, 0x0000000087e00000, 0x0000000087f00000|  0%| F|  |TAMS 0x0000000087e00000| PB 0x0000000087e00000| Untracked |  0
|  53|0x0000000087f00000, 0x0000000087f00000, 0x0000000088000000|  0%| F|  |TAMS 0x0000000087f00000| PB 0x0000000087f00000| Untracked |  0
|  54|0x0000000088000000, 0x0000000088000000, 0x0000000088100000|  0%| F|  |TAMS 0x0000000088000000| PB 0x0000000088000000| Untracked |  0
|  55|0x0000000088100000, 0x0000000088100000, 0x0000000088200000|  0%| F|  |TAMS 0x0000000088100000| PB 0x0000000088100000| Untracked |  0
|  56|0x0000000088200000, 0x0000000088200000, 0x0000000088300000|  0%| F|  |TAMS 0x0000000088200000| PB 0x0000000088200000| Untracked |  0
|  57|0x0000000088300000, 0x0000000088300000, 0x0000000088400000|  0%| F|  |TAMS 0x0000000088300000| PB 0x0000000088300000| Untracked |  0
|  58|0x0000000088400000, 0x0000000088400000, 0x0000000088500000|  0%| F|  |TAMS 0x0000000088400000| PB 0x0000000088400000| Untracked |  0
|  59|0x0000000088500000, 0x0000000088500000, 0x0000000088600000|  0%| F|  |TAMS 0x0000000088500000| PB 0x0000000088500000| Untracked |  0
|  60|0x0000000088600000, 0x0000000088600000, 0x0000000088700000|  0%| F|  |TAMS 0x0000000088600000| PB 0x0000000088600000| Untracked |  0
|  61|0x0000000088700000, 0x0000000088700000, 0x0000000088800000|  0%| F|  |TAMS 0x0000000088700000| PB 0x0000000088700000| Untracked |  0
|  62|0x0000000088800000, 0x0000000088800000, 0x0000000088900000|  0%| F|  |TAMS 0x0000000088800000| PB 0x0000000088800000| Untracked |  0
|  63|0x0000000088900000, 0x0000000088900000, 0x0000000088a00000|  0%| F|  |TAMS 0x0000000088900000| PB 0x0000000088900000| Untracked |  0
|  64|0x0000000088a00000, 0x0000000088a00000, 0x0000000088b00000|  0%| F|  |TAMS 0x0000000088a00000| PB 0x0000000088a00000| Untracked |  0
|  65|0x0000000088b00000, 0x0000000088b00000, 0x0000000088c00000|  0%| F|  |TAMS 0x0000000088b00000| PB 0x0000000088b00000| Untracked |  0
|  66|0x0000000088c00000, 0x0000000088c00000, 0x0000000088d00000|  0%| F|  |TAMS 0x0000000088c00000| PB 0x0000000088c00000| Untracked |  0
|  67|0x0000000088d00000, 0x0000000088d00000, 0x0000000088e00000|  0%| F|  |TAMS 0x0000000088d00000| PB 0x0000000088d00000| Untracked |  0
|  68|0x0000000088e00000, 0x0000000088e00000, 0x0000000088f00000|  0%| F|  |TAMS 0x0000000088e00000| PB 0x0000000088e00000| Untracked |  0
|  69|0x0000000088f00000, 0x0000000088f00000, 0x0000000089000000|  0%| F|  |TAMS 0x0000000088f00000| PB 0x0000000088f00000| Untracked |  0
|  70|0x0000000089000000, 0x0000000089000000, 0x0000000089100000|  0%| F|  |TAMS 0x0000000089000000| PB 0x0000000089000000| Untracked |  0
|  71|0x0000000089100000, 0x0000000089100000, 0x0000000089200000|  0%| F|  |TAMS 0x0000000089100000| PB 0x0000000089100000| Untracked |  0
|  72|0x0000000089200000, 0x0000000089200000, 0x0000000089300000|  0%| F|  |TAMS 0x0000000089200000| PB 0x0000000089200000| Untracked |  0
|  73|0x0000000089300000, 0x0000000089300000, 0x0000000089400000|  0%| F|  |TAMS 0x0000000089300000| PB 0x0000000089300000| Untracked |  0
|  74|0x0000000089400000, 0x0000000089400000, 0x0000000089500000|  0%| F|  |TAMS 0x0000000089400000| PB 0x0000000089400000| Untracked |  0
|  75|0x0000000089500000, 0x0000000089500000, 0x0000000089600000|  0%| F|  |TAMS 0x0000000089500000| PB 0x0000000089500000| Untracked |  0
|  76|0x0000000089600000, 0x0000000089600000, 0x0000000089700000|  0%| F|  |TAMS 0x0000000089600000| PB 0x0000000089600000| Untracked |  0
|  77|0x0000000089700000, 0x0000000089700000, 0x0000000089800000|  0%| F|  |TAMS 0x0000000089700000| PB 0x0000000089700000| Untracked |  0
|  78|0x0000000089800000, 0x0000000089800000, 0x0000000089900000|  0%| F|  |TAMS 0x0000000089800000| PB 0x0000000089800000| Untracked |  0
|  79|0x0000000089900000, 0x0000000089900000, 0x0000000089a00000|  0%| F|  |TAMS 0x0000000089900000| PB 0x0000000089900000| Untracked |  0
|  80|0x0000000089a00000, 0x0000000089a00000, 0x0000000089b00000|  0%| F|  |TAMS 0x0000000089a00000| PB 0x0000000089a00000| Untracked |  0
|  81|0x0000000089b00000, 0x0000000089b00000, 0x0000000089c00000|  0%| F|  |TAMS 0x0000000089b00000| PB 0x0000000089b00000| Untracked |  0
|  82|0x0000000089c00000, 0x0000000089c00000, 0x0000000089d00000|  0%| F|  |TAMS 0x0000000089c00000| PB 0x0000000089c00000| Untracked |  0
|  83|0x0000000089d00000, 0x0000000089d00000, 0x0000000089e00000|  0%| F|  |TAMS 0x0000000089d00000| PB 0x0000000089d00000| Untracked |  0
|  84|0x0000000089e00000, 0x0000000089e00000, 0x0000000089f00000|  0%| F|  |TAMS 0x0000000089e00000| PB 0x0000000089e00000| Untracked |  0
|  85|0x0000000089f00000, 0x0000000089f00000, 0x000000008a000000|  0%| F|  |TAMS 0x0000000089f00000| PB 0x0000000089f00000| Untracked |  0
|  86|0x000000008a000000, 0x000000008a000000, 0x000000008a100000|  0%| F|  |TAMS 0x000000008a000000| PB 0x000000008a000000| Untracked |  0
|  87|0x000000008a100000, 0x000000008a100000, 0x000000008a200000|  0%| F|  |TAMS 0x000000008a100000| PB 0x000000008a100000| Untracked |  0
|  88|0x000000008a200000, 0x000000008a200000, 0x000000008a300000|  0%| F|  |TAMS 0x000000008a200000| PB 0x000000008a200000| Untracked |  0
|  89|0x000000008a300000, 0x000000008a300000, 0x000000008a400000|  0%| F|  |TAMS 0x000000008a300000| PB 0x000000008a300000| Untracked |  0
|  90|0x000000008a400000, 0x000000008a400000, 0x000000008a500000|  0%| F|  |TAMS 0x000000008a400000| PB 0x000000008a400000| Untracked |  0
|  91|0x000000008a500000, 0x000000008a500000, 0x000000008a600000|  0%| F|  |TAMS 0x000000008a500000| PB 0x000000008a500000| Untracked |  0
|  92|0x000000008a600000, 0x000000008a600000, 0x000000008a700000|  0%| F|  |TAMS 0x000000008a600000| PB 0x000000008a600000| Untracked |  0
|  93|0x000000008a700000, 0x000000008a700000, 0x000000008a800000|  0%| F|  |TAMS 0x000000008a700000| PB 0x000000008a700000| Untracked |  0
|  94|0x000000008a800000, 0x000000008a800000, 0x000000008a900000|  0%| F|  |TAMS 0x000000008a800000| PB 0x000000008a800000| Untracked |  0
|  95|0x000000008a900000, 0x000000008a900000, 0x000000008aa00000|  0%| F|  |TAMS 0x000000008a900000| PB 0x000000008a900000| Untracked |  0
|  96|0x000000008aa00000, 0x000000008aa00000, 0x000000008ab00000|  0%| F|  |TAMS 0x000000008aa00000| PB 0x000000008aa00000| Untracked |  0
|  97|0x000000008ab00000, 0x000000008ab00000, 0x000000008ac00000|  0%| F|  |TAMS 0x000000008ab00000| PB 0x000000008ab00000| Untracked |  0
|  98|0x000000008ac00000, 0x000000008ac00000, 0x000000008ad00000|  0%| F|  |TAMS 0x000000008ac00000| PB 0x000000008ac00000| Untracked |  0
|  99|0x000000008ad00000, 0x000000008ad00000, 0x000000008ae00000|  0%| F|  |TAMS 0x000000008ad00000| PB 0x000000008ad00000| Untracked |  0
| 100|0x000000008ae00000, 0x000000008ae00000, 0x000000008af00000|  0%| F|  |TAMS 0x000000008ae00000| PB 0x000000008ae00000| Untracked |  0
| 101|0x000000008af00000, 0x000000008af00000, 0x000000008b000000|  0%| F|  |TAMS 0x000000008af00000| PB 0x000000008af00000| Untracked |  0
| 102|0x000000008b000000, 0x000000008b000000, 0x000000008b100000|  0%| F|  |TAMS 0x000000008b000000| PB 0x000000008b000000| Untracked |  0
| 103|0x000000008b100000, 0x000000008b100000, 0x000000008b200000|  0%| F|  |TAMS 0x000000008b100000| PB 0x000000008b100000| Untracked |  0
| 104|0x000000008b200000, 0x000000008b200000, 0x000000008b300000|  0%| F|  |TAMS 0x000000008b200000| PB 0x000000008b200000| Untracked |  0
| 105|0x000000008b300000, 0x000000008b300000, 0x000000008b400000|  0%| F|  |TAMS 0x000000008b300000| PB 0x000000008b300000| Untracked |  0
| 106|0x000000008b400000, 0x000000008b400000, 0x000000008b500000|  0%| F|  |TAMS 0x000000008b400000| PB 0x000000008b400000| Untracked |  0
| 107|0x000000008b500000, 0x000000008b500000, 0x000000008b600000|  0%| F|  |TAMS 0x000000008b500000| PB 0x000000008b500000| Untracked |  0
| 108|0x000000008b600000, 0x000000008b600000, 0x000000008b700000|  0%| F|  |TAMS 0x000000008b600000| PB 0x000000008b600000| Untracked |  0
| 109|0x000000008b700000, 0x000000008b700000, 0x000000008b800000|  0%| F|  |TAMS 0x000000008b700000| PB 0x000000008b700000| Untracked |  0
| 110|0x000000008b800000, 0x000000008b800000, 0x000000008b900000|  0%| F|  |TAMS 0x000000008b800000| PB 0x000000008b800000| Untracked |  0
| 111|0x000000008b900000, 0x000000008b900000, 0x000000008ba00000|  0%| F|  |TAMS 0x000000008b900000| PB 0x000000008b900000| Untracked |  0
| 112|0x000000008ba00000, 0x000000008ba00000, 0x000000008bb00000|  0%| F|  |TAMS 0x000000008ba00000| PB 0x000000008ba00000| Untracked |  0
| 113|0x000000008bb00000, 0x000000008bb00000, 0x000000008bc00000|  0%| F|  |TAMS 0x000000008bb00000| PB 0x000000008bb00000| Untracked |  0
| 114|0x000000008bc00000, 0x000000008bd00000, 0x000000008bd00000|100%| E|  |TAMS 0x000000008bc00000| PB 0x000000008bc00000| Complete |  0
| 115|0x000000008bd00000, 0x000000008be00000, 0x000000008be00000|100%| E|CS|TAMS 0x000000008bd00000| PB 0x000000008bd00000| Complete |  0
| 116|0x000000008be00000, 0x000000008bf00000, 0x000000008bf00000|100%| E|CS|TAMS 0x000000008be00000| PB 0x000000008be00000| Complete |  0
| 117|0x000000008bf00000, 0x000000008c000000, 0x000000008c000000|100%| E|CS|TAMS 0x000000008bf00000| PB 0x000000008bf00000| Complete |  0
| 118|0x000000008c000000, 0x000000008c100000, 0x000000008c100000|100%| E|CS|TAMS 0x000000008c000000| PB 0x000000008c000000| Complete |  0
| 119|0x000000008c100000, 0x000000008c200000, 0x000000008c200000|100%| E|CS|TAMS 0x000000008c100000| PB 0x000000008c100000| Complete |  0
| 120|0x000000008c200000, 0x000000008c300000, 0x000000008c300000|100%| E|CS|TAMS 0x000000008c200000| PB 0x000000008c200000| Complete |  0
| 121|0x000000008c300000, 0x000000008c400000, 0x000000008c400000|100%| E|CS|TAMS 0x000000008c300000| PB 0x000000008c300000| Complete |  0
| 122|0x000000008c400000, 0x000000008c500000, 0x000000008c500000|100%| E|CS|TAMS 0x000000008c400000| PB 0x000000008c400000| Complete |  0
| 123|0x000000008c500000, 0x000000008c600000, 0x000000008c600000|100%| E|CS|TAMS 0x000000008c500000| PB 0x000000008c500000| Complete |  0
|1972|0x00000000ffe00000, 0x00000000fff00000, 0x00000000fff00000|100%| O|  |TAMS 0x00000000ffe00000| PB 0x00000000ffe00000| Untracked |  0
|1973|0x00000000fff00000, 0x00000000fff1c330, 0x0000000100000000| 11%| O|  |TAMS 0x00000000fff00000| PB 0x00000000fff00000| Untracked |  0

Card table byte_map: [0x000001d7db250000,0x000001d7db630000] _byte_map_base: 0x000001d7dae2b000

Marking Bits: (CMBitMap*) 0x000001d7cb411e70
 Bits: [0x000001d7db630000, 0x000001d7dd508000)

Polling page: 0x000001d7c00f0000

Metaspace:

Usage:
  Non-class:      3.91 MB used.
      Class:    318.82 KB used.
       Both:      4.22 MB used.

Virtual space:
  Non-class space:       64.00 MB reserved,       4.00 MB (  6%) committed,  1 nodes.
      Class space:        1.00 GB reserved,     448.00 KB ( <1%) committed,  1 nodes.
             Both:        1.06 GB reserved,       4.44 MB ( <1%) committed. 

Chunk freelists:
   Non-Class:  11.44 MB
       Class:  15.56 MB
        Both:  26.99 MB

MaxMetaspaceSize: unlimited
CompressedClassSpaceSize: 1.00 GB
Initial GC threshold: 21.00 MB
Current GC threshold: 21.00 MB
CDS: on
 - commit_granule_bytes: 65536.
 - commit_granule_words: 8192.
 - virtual_space_node_default_size: 8388608.
 - enlarge_chunks_in_place: 1.
UseCompressedClassPointers 1, UseCompactObjectHeaders 0
Narrow klass pointer bits 32, Max shift 3
Narrow klass base: 0x000001d7e0000000, Narrow klass shift: 0
Encoding Range: [0x000001d7e0000000 - 0x000001d8e0000000), (4294967296 bytes)
Klass Range:    [0x000001d7e0000000 - 0x000001d821000000), (1090519040 bytes)
Klass ID Range:  [8 - 1090519033) (1090519025)


Internal statistics:

num_allocs_failed_limit: 0.
num_arena_births: 82.
num_arena_deaths: 0.
num_vsnodes_births: 2.
num_vsnodes_deaths: 0.
num_space_committed: 71.
num_space_uncommitted: 0.
num_chunks_returned_to_freelist: 0.
num_chunks_taken_from_freelist: 128.
num_chunk_merges: 0.
num_chunk_splits: 76.
num_chunks_enlarged: 41.
num_inconsistent_stats: 0.

CodeHeap 'non-profiled nmethods': size=120064Kb used=186Kb max_used=186Kb free=119877Kb
 bounds [0x000001d7d2fc0000, 0x000001d7d3230000, 0x000001d7da500000]
CodeHeap 'profiled nmethods': size=120000Kb used=752Kb max_used=752Kb free=119247Kb
 bounds [0x000001d7cb500000, 0x000001d7cb770000, 0x000001d7d2a30000]
CodeHeap 'non-nmethods': size=5696Kb used=1457Kb max_used=1471Kb free=4238Kb
 bounds [0x000001d7d2a30000, 0x000001d7d2ca0000, 0x000001d7d2fc0000]
CodeCache: size=245760Kb, used=2395Kb, max_used=2409Kb, free=243362Kb
 total_blobs=1074, nmethods=617, adapters=363, full_count=0
Compilation: enabled, stopped_count=0, restarted_count=0

Compilation events (20 events):
Event: 1.441 Thread 0x000001d8211868b0  607       3       java.lang.CharacterDataLatin1::equalsIgnoreCase (63 bytes)
Event: 1.441 Thread 0x000001d8211868b0 nmethod 607 0x000001d7cb5b8988 code [0x000001d7cb5b8ac0, 0x000001d7cb5b8d68]
Event: 1.443 Thread 0x000001d82117a230  608       4       jdk.internal.util.ArraysSupport::hashCodeOfUnsigned (55 bytes)
Event: 1.444 Thread 0x000001d8211868b0  609       3       jdk.internal.util.StrongReferenceKey::equals (28 bytes)
Event: 1.444 Thread 0x000001d82117a230 nmethod 608 0x000001d7d2fedd08 code [0x000001d7d2fede20, 0x000001d7d2fee0f8]
Event: 1.444 Thread 0x000001d8211868b0 nmethod 609 0x000001d7cb5b8d88 code [0x000001d7cb5b8ee0, 0x000001d7cb5b9540]
Event: 1.444 Thread 0x000001d8211868b0  610       3       java.lang.invoke.MemberName::getMethodOrFieldType (72 bytes)
Event: 1.445 Thread 0x000001d8211868b0 nmethod 610 0x000001d7cb5b9588 code [0x000001d7cb5b9860, 0x000001d7cb5bad18]
Event: 1.445 Thread 0x000001d8211868b0  611       3       jdk.internal.classfile.impl.BufWriterImpl::writeU2U2U2 (89 bytes)
Event: 1.446 Thread 0x000001d8211868b0 nmethod 611 0x000001d7cb5bae08 code [0x000001d7cb5baf40, 0x000001d7cb5bb2d0]
Event: 1.449 Thread 0x000001d8211868b0  614       3       java.util.concurrent.ConcurrentHashMap$BaseIterator::hasNext (13 bytes)
Event: 1.449 Thread 0x000001d8211868b0 nmethod 614 0x000001d7cb5bb308 code [0x000001d7cb5bb420, 0x000001d7cb5bb578]
Event: 1.449 Thread 0x000001d8211868b0  615       3       java.util.concurrent.ConcurrentHashMap$ValueIterator::next (34 bytes)
Event: 1.450 Thread 0x000001d8211868b0 nmethod 615 0x000001d7cb5bb608 code [0x000001d7cb5bb740, 0x000001d7cb5bba38]
Event: 1.450 Thread 0x000001d8211868b0  617       3       java.util.ArrayList::elementData (7 bytes)
Event: 1.450 Thread 0x000001d8211868b0 nmethod 617 0x000001d7cb5bba88 code [0x000001d7cb5bbba0, 0x000001d7cb5bbcd8]
Event: 1.450 Thread 0x000001d8211868b0  616       3       java.lang.ref.SoftReference::get (29 bytes)
Event: 1.450 Thread 0x000001d8211868b0 nmethod 616 0x000001d7cb5bbd88 code [0x000001d7cb5bbea0, 0x000001d7cb5bc058]
Event: 1.450 Thread 0x000001d8211868b0  618       3       java.util.zip.ZipFile$Source::getEntryNext (9 bytes)
Event: 1.450 Thread 0x000001d8211868b0 nmethod 618 0x000001d7cb5bc088 code [0x000001d7cb5bc1a0, 0x000001d7cb5bc2d8]

GC Heap History (0 events):
No events

Dll operation events (9 events):
Event: 0.112 Loaded shared library C:\Users\Dharmawan\.jdks\openjdk-24.0.2+12-54\bin\java.dll
Event: 0.113 Loaded shared library C:\Users\Dharmawan\.jdks\openjdk-24.0.2+12-54\bin\zip.dll
Event: 0.143 Loaded shared library C:\Users\Dharmawan\.jdks\openjdk-24.0.2+12-54\bin\jsvml.dll
Event: 1.096 Loaded shared library C:\Users\Dharmawan\.jdks\openjdk-24.0.2+12-54\bin\instrument.dll
Event: 1.220 Loaded shared library C:\Users\Dharmawan\.jdks\openjdk-24.0.2+12-54\bin\net.dll
Event: 1.221 Loaded shared library C:\Users\Dharmawan\.jdks\openjdk-24.0.2+12-54\bin\nio.dll
Event: 1.242 Loaded shared library C:\Users\Dharmawan\.jdks\openjdk-24.0.2+12-54\bin\zip.dll
Event: 1.338 Loaded shared library C:\Users\Dharmawan\.jdks\openjdk-24.0.2+12-54\bin\jimage.dll
Event: 1.387 Loaded shared library C:\Users\Dharmawan\AppData\Local\Temp\lwjglDharmawan\3.3.1-build-7\lwjgl.dll

Deoptimization events (20 events):
Event: 1.142 Thread 0x000001d7c231e430 Uncommon trap: trap_request=0xffffff4d fr.pc=0x000001d7d2fc9dd0 relative=0x00000000000000b0
Event: 1.142 Thread 0x000001d7c231e430 Uncommon trap: reason=unstable_if action=reinterpret pc=0x000001d7d2fc9dd0 method=java.lang.String.hashCode()I @ 42 c2
Event: 1.142 Thread 0x000001d7c231e430 DEOPT PACKING pc=0x000001d7d2fc9dd0 sp=0x00000092d9dfcce0
Event: 1.142 Thread 0x000001d7c231e430 DEOPT UNPACKING pc=0x000001d7d2b65d82 sp=0x00000092d9dfcc78 mode 2
Event: 1.149 Thread 0x000001d7c231e430 Uncommon trap: trap_request=0xffffffde fr.pc=0x000001d7d2fcfa78 relative=0x00000000000007d8
Event: 1.149 Thread 0x000001d7c231e430 Uncommon trap: reason=class_check action=maybe_recompile pc=0x000001d7d2fcfa78 method=java.util.HashMap.putVal(ILjava/lang/Object;Ljava/lang/Object;ZZ)Ljava/lang/Object; @ 106 c2
Event: 1.149 Thread 0x000001d7c231e430 DEOPT PACKING pc=0x000001d7d2fcfa78 sp=0x00000092d9dfc7b0
Event: 1.149 Thread 0x000001d7c231e430 DEOPT UNPACKING pc=0x000001d7d2b65d82 sp=0x00000092d9dfc748 mode 2
Event: 1.149 Thread 0x000001d7c231e430 Uncommon trap: trap_request=0xffffffde fr.pc=0x000001d7d2fcfa78 relative=0x00000000000007d8
Event: 1.149 Thread 0x000001d7c231e430 Uncommon trap: reason=class_check action=maybe_recompile pc=0x000001d7d2fcfa78 method=java.util.HashMap.putVal(ILjava/lang/Object;Ljava/lang/Object;ZZ)Ljava/lang/Object; @ 106 c2
Event: 1.149 Thread 0x000001d7c231e430 DEOPT PACKING pc=0x000001d7d2fcfa78 sp=0x00000092d9dfc7b0
Event: 1.149 Thread 0x000001d7c231e430 DEOPT UNPACKING pc=0x000001d7d2b65d82 sp=0x00000092d9dfc748 mode 2
Event: 1.149 Thread 0x000001d7c231e430 Uncommon trap: trap_request=0xffffffde fr.pc=0x000001d7d2fcfa78 relative=0x00000000000007d8
Event: 1.149 Thread 0x000001d7c231e430 Uncommon trap: reason=class_check action=maybe_recompile pc=0x000001d7d2fcfa78 method=java.util.HashMap.putVal(ILjava/lang/Object;Ljava/lang/Object;ZZ)Ljava/lang/Object; @ 106 c2
Event: 1.149 Thread 0x000001d7c231e430 DEOPT PACKING pc=0x000001d7d2fcfa78 sp=0x00000092d9dfc6f0
Event: 1.149 Thread 0x000001d7c231e430 DEOPT UNPACKING pc=0x000001d7d2b65d82 sp=0x00000092d9dfc688 mode 2
Event: 1.149 Thread 0x000001d7c231e430 Uncommon trap: trap_request=0xffffffde fr.pc=0x000001d7d2fcfa78 relative=0x00000000000007d8
Event: 1.149 Thread 0x000001d7c231e430 Uncommon trap: reason=class_check action=maybe_recompile pc=0x000001d7d2fcfa78 method=java.util.HashMap.putVal(ILjava/lang/Object;Ljava/lang/Object;ZZ)Ljava/lang/Object; @ 106 c2
Event: 1.149 Thread 0x000001d7c231e430 DEOPT PACKING pc=0x000001d7d2fcfa78 sp=0x00000092d9dfc7b0
Event: 1.150 Thread 0x000001d7c231e430 DEOPT UNPACKING pc=0x000001d7d2b65d82 sp=0x00000092d9dfc748 mode 2

Classes loaded (20 events):
Event: 1.441 Loading class java/nio/InvalidMarkException
Event: 1.441 Loading class java/nio/InvalidMarkException done
Event: 1.442 Loading class java/nio/BufferUnderflowException
Event: 1.442 Loading class java/nio/BufferUnderflowException done
Event: 1.442 Loading class org/lwjgl/system/MemoryStack
Event: 1.442 Loading class org/lwjgl/system/MemoryStack done
Event: 1.443 Loading class org/lwjgl/system/MemoryStack$DebugMemoryStack
Event: 1.443 Loading class org/lwjgl/system/MemoryStack$DebugMemoryStack done
Event: 1.444 Loading class org/lwjgl/system/MemoryStack
Event: 1.444 Loading class org/lwjgl/system/MemoryStack done
Event: 1.444 Loading class org/lwjgl/system/MemoryStack
Event: 1.444 Loading class org/lwjgl/system/MemoryStack done
Event: 1.445 Loading class org/lwjgl/BufferUtils
Event: 1.445 Loading class org/lwjgl/BufferUtils done
Event: 1.446 Loading class org/lwjgl/system/windows/WinBase
Event: 1.446 Loading class org/lwjgl/system/windows/WinBase done
Event: 1.447 Loading class org/lwjgl/system/ThreadLocalUtil
Event: 1.447 Loading class org/lwjgl/system/ThreadLocalUtil done
Event: 1.450 Loading class org/lwjgl/glfw/GLFW$Functions
Event: 1.450 Loading class org/lwjgl/glfw/GLFW$Functions done

Classes unloaded (0 events):
No events

Classes redefined (1 events):
Event: 1.159 Thread 0x000001d82115ad10 redefined class name=java.lang.Throwable, count=1

Internal exceptions (20 events):
Event: 1.098 Thread 0x000001d7c231e430 Exception <a 'java/lang/NoSuchMethodError'{0x000000008c334db8}: 'void java.lang.invoke.DirectMethodHandle$Holder.invokeStatic(java.lang.Object, java.lang.Object, java.lang.Object)'> (0x000000008c334db8) 
thrown [s\open\src\hotspot\share\interpreter\linkResolver.cpp, line 805]
Event: 1.105 Thread 0x000001d7c231e430 Exception <a 'java/lang/NoSuchMethodError'{0x000000008c369978}: 'java.lang.Object java.lang.invoke.Invokers$Holder.invokeExact_MT(java.lang.Object, java.lang.Object, java.lang.Object, java.lang.Object, java.lang.Object)'> (0x000000008c369978) 
thrown [s\open\src\hotspot\share\interpreter\linkResolver.cpp, line 805]
Event: 1.299 Thread 0x000001d7c231e430 Exception <a 'java/lang/NoSuchMethodError'{0x000000008bfa6ac8}: 'void java.lang.invoke.DirectMethodHandle$Holder.invokeStatic(java.lang.Object, java.lang.Object)'> (0x000000008bfa6ac8) 
thrown [s\open\src\hotspot\share\interpreter\linkResolver.cpp, line 805]
Event: 1.303 Thread 0x000001d7c231e430 Exception <a 'java/lang/NoSuchMethodError'{0x000000008bfd6d30}: 'void java.lang.System.load(java.lang.String, java.lang.Class)'> (0x000000008bfd6d30) 
thrown [s\open\src\hotspot\share\interpreter\linkResolver.cpp, line 805]
Event: 1.303 Thread 0x000001d7c231e430 Exception <a 'java/lang/NoSuchMethodError'{0x000000008bfd7870}: 'void java.lang.invoke.DirectMethodHandle$Holder.invokeSpecial(java.lang.Object, java.lang.Object, java.lang.Object)'> (0x000000008bfd7870) 
thrown [s\open\src\hotspot\share\interpreter\linkResolver.cpp, line 805]
Event: 1.306 Thread 0x000001d7c231e430 Exception <a 'java/lang/NoSuchMethodError'{0x000000008bff9a38}: 'java.lang.Object java.lang.invoke.DirectMethodHandle$Holder.invokeStatic(java.lang.Object, java.lang.Object, int)'> (0x000000008bff9a38) 
thrown [s\open\src\hotspot\share\interpreter\linkResolver.cpp, line 805]
Event: 1.308 Thread 0x000001d7c231e430 Exception <a 'java/lang/NoSuchMethodError'{0x000000008be12f58}: 'void java.lang.invoke.DelegatingMethodHandle$Holder.delegate(java.lang.Object, java.lang.Object, int, java.lang.Object)'> (0x000000008be12f58) 
thrown [s\open\src\hotspot\share\interpreter\linkResolver.cpp, line 805]
Event: 1.309 Thread 0x000001d7c231e430 Exception <a 'java/lang/NoSuchMethodError'{0x000000008be1b7c8}: 'int java.lang.invoke.DirectMethodHandle$Holder.invokeSpecial(java.lang.Object, java.lang.Object, java.lang.Object)'> (0x000000008be1b7c8) 
thrown [s\open\src\hotspot\share\interpreter\linkResolver.cpp, line 805]
Event: 1.321 Thread 0x000001d7c231e430 Exception <a 'java/lang/NoSuchMethodError'{0x000000008be61e78}: 'void java.lang.System.loadLibrary(java.lang.String, java.lang.Class)'> (0x000000008be61e78) 
thrown [s\open\src\hotspot\share\interpreter\linkResolver.cpp, line 805]
Event: 1.365 Thread 0x000001d7c231e430 Exception <a 'java/lang/NoSuchMethodError'{0x000000008bd1ae08}: 'java.lang.Object java.lang.invoke.DirectMethodHandle$Holder.invokeStaticInit(java.lang.Object)'> (0x000000008bd1ae08) 
thrown [s\open\src\hotspot\share\interpreter\linkResolver.cpp, line 805]
Event: 1.377 Thread 0x000001d7c231e430 Exception <a 'sun/nio/fs/WindowsException'{0x000000008bd401a0}> (0x000000008bd401a0) 
thrown [s\open\src\hotspot\share\prims\jni.cpp, line 518]
Event: 1.378 Thread 0x000001d7c231e430 Exception <a 'sun/nio/fs/WindowsException'{0x000000008bd41850}> (0x000000008bd41850) 
thrown [s\open\src\hotspot\share\prims\jni.cpp, line 518]
Event: 1.397 Thread 0x000001d7c231e430 Exception <a 'sun/nio/fs/WindowsException'{0x000000008bd70c50}> (0x000000008bd70c50) 
thrown [s\open\src\hotspot\share\prims\jni.cpp, line 518]
Event: 1.397 Thread 0x000001d7c231e430 Exception <a 'sun/nio/fs/WindowsException'{0x000000008bd71000}> (0x000000008bd71000) 
thrown [s\open\src\hotspot\share\prims\jni.cpp, line 518]
Event: 1.416 Thread 0x000001d7c231e430 Exception <a 'java/lang/NoSuchMethodError'{0x000000008bdec7b0}: 'int java.lang.invoke.DirectMethodHandle$Holder.invokeStaticInit(java.lang.Object, java.lang.Object, int, long)'> (0x000000008bdec7b0) 
thrown [s\open\src\hotspot\share\interpreter\linkResolver.cpp, line 805]
Event: 1.417 Thread 0x000001d7c231e430 Exception <a 'java/lang/NoSuchMethodError'{0x000000008bdfb898}: 'java.lang.Object java.lang.invoke.DirectMethodHandle$Holder.newInvokeSpecial(java.lang.Object, java.lang.Object, int)'> (0x000000008bdfb898) 
thrown [s\open\src\hotspot\share\interpreter\linkResolver.cpp, line 805]
Event: 1.438 Thread 0x000001d7c231e430 Exception <a 'java/lang/NoSuchMethodError'{0x000000008bc7a620}: 'int java.lang.invoke.DirectMethodHandle$Holder.invokeStaticInit(java.lang.Object, java.lang.Object, long, long)'> (0x000000008bc7a620) 
thrown [s\open\src\hotspot\share\interpreter\linkResolver.cpp, line 805]
Event: 1.439 Thread 0x000001d7c231e430 Exception <a 'java/lang/NoSuchMethodError'{0x000000008bc8a3c8}: 'java.lang.Object java.lang.invoke.DirectMethodHandle$Holder.newInvokeSpecial(java.lang.Object, java.lang.Object, long)'> (0x000000008bc8a3c8) 
thrown [s\open\src\hotspot\share\interpreter\linkResolver.cpp, line 805]
Event: 1.439 Thread 0x000001d7c231e430 Exception <a 'java/lang/NoSuchMethodError'{0x000000008bc92e58}: 'java.lang.Object java.lang.invoke.Invokers$Holder.linkToTargetMethod(java.lang.Object, long, java.lang.Object)'> (0x000000008bc92e58) 
thrown [s\open\src\hotspot\share\interpreter\linkResolver.cpp, line 805]
Event: 1.440 Thread 0x000001d7c231e430 Exception <a 'java/lang/NoSuchMethodError'{0x000000008bca3460}: 'int java.lang.invoke.DirectMethodHandle$Holder.invokeStaticInit(java.lang.Object, java.lang.Object, java.lang.Object, long)'> (0x000000008bca3460) 
thrown [s\open\src\hotspot\share\interpreter\linkResolver.cpp, line 805]

VM Operations (8 events):
Event: 1.091 Executing VM operation: ChangeBreakpoints
Event: 1.091 Executing VM operation: ChangeBreakpoints done
Event: 1.093 Executing VM operation: ChangeBreakpoints
Event: 1.093 Executing VM operation: ChangeBreakpoints done
Event: 1.159 Executing VM operation: RedefineClasses
Event: 1.160 Executing VM operation: RedefineClasses done
Event: 1.174 Executing VM operation: get/set locals
Event: 1.174 Executing VM operation: get/set locals done

Memory protections (0 events):
No events

Nmethod flushes (0 events):
No events

Events (17 events):
Event: 0.128 Thread 0x000001d7c231e430 Thread added: 0x000001d7c231e430
Event: 0.140 Thread 0x000001d7c231e430 Thread added: 0x000001d821171000
Event: 0.140 Thread 0x000001d7c231e430 Thread added: 0x000001d821171740
Event: 0.140 Thread 0x000001d7c231e430 Thread added: 0x000001d821175590
Event: 0.140 Thread 0x000001d7c231e430 Thread added: 0x000001d8211728e0
Event: 0.140 Thread 0x000001d7c231e430 Thread added: 0x000001d821175ed0
Event: 0.141 Thread 0x000001d7c231e430 Thread added: 0x000001d821178620
Event: 0.141 Thread 0x000001d7c231e430 Thread added: 0x000001d82117a230
Event: 0.141 Thread 0x000001d7c231e430 Thread added: 0x000001d8211868b0
Event: 0.180 Thread 0x000001d8211868b0 Thread added: 0x000001d821394e80
Event: 0.191 Thread 0x000001d7c231e430 Thread added: 0x000001d8213ee3b0
Event: 0.191 Thread 0x000001d7c231e430 Thread added: 0x000001d8213da470
Event: 0.192 Thread 0x000001d8213ee3b0 Thread added: 0x000001d8213d1ae0
Event: 1.069 Thread 0x000001d821394e80 Thread exited: 0x000001d821394e80
Event: 1.126 Thread 0x000001d7c231e430 Thread added: 0x000001d8214449c0
Event: 1.184 Thread 0x000001d7c231e430 Thread added: 0x000001d82151ffd0
Event: 1.191 Thread 0x000001d7c231e430 Thread added: 0x000001d821531d60


Dynamic libraries:
0x00007ff681660000 - 0x00007ff68166e000 	C:\Users\Dharmawan\.jdks\openjdk-24.0.2+12-54\bin\java.exe
0x00007ffc3b760000 - 0x00007ffc3b9c7000 	C:\WINDOWS\SYSTEM32\ntdll.dll
0x00007ffc3a4a0000 - 0x00007ffc3a569000 	C:\WINDOWS\System32\KERNEL32.DLL
0x00007ffc389f0000 - 0x00007ffc38de0000 	C:\WINDOWS\System32\KERNELBASE.dll
0x00007ffc39160000 - 0x00007ffc392ab000 	C:\WINDOWS\System32\ucrtbase.dll
0x00007ffc30b30000 - 0x00007ffc30b46000 	C:\Users\Dharmawan\.jdks\openjdk-24.0.2+12-54\bin\jli.dll
0x00007ffc397e0000 - 0x00007ffc399a5000 	C:\WINDOWS\System32\USER32.dll
0x00007ffc392b0000 - 0x00007ffc392d7000 	C:\WINDOWS\System32\win32u.dll
0x00007ffc3a630000 - 0x00007ffc3a65b000 	C:\WINDOWS\System32\GDI32.dll
0x00007ffc38f70000 - 0x00007ffc390a8000 	C:\WINDOWS\System32\gdi32full.dll
0x00007ffc390b0000 - 0x00007ffc39153000 	C:\WINDOWS\System32\msvcp_win.dll
0x00007ffc30a70000 - 0x00007ffc30a8b000 	C:\Users\Dharmawan\.jdks\openjdk-24.0.2+12-54\bin\VCRUNTIME140.dll
0x00007ffc19060000 - 0x00007ffc192fa000 	C:\WINDOWS\WinSxS\amd64_microsoft.windows.common-controls_6595b64144ccf1df_6.0.26100.4768_none_3e0c112ce331287c\COMCTL32.dll
0x00007ffc3a580000 - 0x00007ffc3a629000 	C:\WINDOWS\System32\msvcrt.dll
0x00007ffc39ba0000 - 0x00007ffc39bcf000 	C:\WINDOWS\System32\IMM32.DLL
0x00007ffc0fd40000 - 0x00007ffc0fe9c000 	C:\Program Files (x86)\Citrix\ICA Client\ctxapclient64.dll
0x00007ffc39d90000 - 0x00007ffc3a115000 	C:\WINDOWS\System32\combase.dll
0x00007ffc3a660000 - 0x00007ffc3a778000 	C:\WINDOWS\System32\RPCRT4.dll
0x00007ffc2df90000 - 0x00007ffc2df9b000 	C:\WINDOWS\SYSTEM32\VERSION.dll
0x00007ffc38780000 - 0x00007ffc387a6000 	C:\WINDOWS\SYSTEM32\bcrypt.dll
0x00007ffc39a90000 - 0x00007ffc39b44000 	C:\WINDOWS\System32\ADVAPI32.dll
0x00007ffc3ae80000 - 0x00007ffc3af26000 	C:\WINDOWS\System32\sechost.dll
0x00007ffc37740000 - 0x00007ffc37776000 	C:\WINDOWS\SYSTEM32\ntmarta.dll
0x00007ffc38890000 - 0x00007ffc38929000 	C:\WINDOWS\System32\bcryptprimitives.dll
0x00007ffc30a60000 - 0x00007ffc30a6c000 	C:\Users\Dharmawan\.jdks\openjdk-24.0.2+12-54\bin\vcruntime140_1.dll
0x00007ffc215b0000 - 0x00007ffc2163e000 	C:\Users\Dharmawan\.jdks\openjdk-24.0.2+12-54\bin\msvcp140.dll
0x00007ffbbb6e0000 - 0x00007ffbbc481000 	C:\Users\Dharmawan\.jdks\openjdk-24.0.2+12-54\bin\server\jvm.dll
0x00007ffc39760000 - 0x00007ffc397d4000 	C:\WINDOWS\System32\WS2_32.dll
0x00007ffc38710000 - 0x00007ffc3876e000 	C:\WINDOWS\SYSTEM32\POWRPROF.dll
0x00007ffc2cd70000 - 0x00007ffc2cda5000 	C:\WINDOWS\SYSTEM32\WINMM.dll
0x00007ffc386d0000 - 0x00007ffc386e4000 	C:\WINDOWS\SYSTEM32\UMPDC.dll
0x00007ffc37610000 - 0x00007ffc3762b000 	C:\WINDOWS\SYSTEM32\kernel.appcore.dll
0x00007ffc2cd00000 - 0x00007ffc2cd0a000 	C:\Users\Dharmawan\.jdks\openjdk-24.0.2+12-54\bin\jimage.dll
0x00007ffc36090000 - 0x00007ffc362d1000 	C:\WINDOWS\SYSTEM32\DBGHELP.DLL
0x00007ffc3a8f0000 - 0x00007ffc3a9d0000 	C:\WINDOWS\System32\OLEAUT32.dll
0x00007ffc30a90000 - 0x00007ffc30ad3000 	C:\WINDOWS\SYSTEM32\dbgcore.DLL
0x00007ffc217e0000 - 0x00007ffc2181c000 	C:\Users\Dharmawan\.jdks\openjdk-24.0.2+12-54\bin\jdwp.dll
0x00007ffc24270000 - 0x00007ffc2427f000 	C:\Users\Dharmawan\.jdks\openjdk-24.0.2+12-54\bin\instrument.dll
0x00007ffc23170000 - 0x00007ffc2318e000 	C:\Users\Dharmawan\.jdks\openjdk-24.0.2+12-54\bin\java.dll
0x000001d7c1b80000 - 0x000001d7c1d20000 	C:\WINDOWS\System32\ole32.dll
0x00007ffc3af30000 - 0x00007ffc3b67d000 	C:\WINDOWS\System32\SHELL32.dll
0x000001d7c1d30000 - 0x000001d7c1ea3000 	C:\WINDOWS\System32\wintypes.dll
0x00007ffba3660000 - 0x00007ffba3871000 	C:\Users\Dharmawan\AppData\Local\Temp\idea_libasyncProfiler_dll_temp_folder1\libasyncProfiler.dll
0x00007ffc227e0000 - 0x00007ffc227f7000 	C:\Users\Dharmawan\.jdks\openjdk-24.0.2+12-54\bin\zip.dll
0x00007ffc362e0000 - 0x00007ffc36b40000 	C:\WINDOWS\SYSTEM32\windows.storage.dll
0x00007ffc3a2f0000 - 0x00007ffc3a3e5000 	C:\WINDOWS\System32\SHCORE.dll
0x000001d7c21b0000 - 0x000001d7c221a000 	C:\WINDOWS\System32\shlwapi.dll
0x00007ffc387b0000 - 0x00007ffc387d9000 	C:\WINDOWS\SYSTEM32\profapi.dll
0x00007ffc00e40000 - 0x00007ffc00f17000 	C:\Users\Dharmawan\.jdks\openjdk-24.0.2+12-54\bin\jsvml.dll
0x00007ffc21530000 - 0x00007ffc2153c000 	C:\Users\Dharmawan\.jdks\openjdk-24.0.2+12-54\bin\dt_socket.dll
0x00007ffc37090000 - 0x00007ffc370c3000 	C:\WINDOWS\SYSTEM32\IPHLPAPI.DLL
0x00007ffc37ba0000 - 0x00007ffc37c0b000 	C:\WINDOWS\system32\mswsock.dll
0x00007ffc23160000 - 0x00007ffc23170000 	C:\Users\Dharmawan\.jdks\openjdk-24.0.2+12-54\bin\net.dll
0x00007ffc23140000 - 0x00007ffc23156000 	C:\Users\Dharmawan\.jdks\openjdk-24.0.2+12-54\bin\nio.dll
0x00007ffbe8e50000 - 0x00007ffbe8ec5000 	C:\Users\Dharmawan\AppData\Local\Temp\lwjglDharmawan\3.3.1-build-7\lwjgl.dll
0x00007ffc02ec0000 - 0x00007ffc02f21000 	C:\Users\DHARMA~1\AppData\Local\Temp\lwjglDharmawan\3.3.1-build-7\glfw.dll

JVMTI agents:
jdwp path:C:\Users\Dharmawan\.jdks\openjdk-24.0.2+12-54\bin\jdwp.dll, loaded, initialized, options:transport=dt_socket,address=127.0.0.1:60661,suspend=y,server=n
C:\Users\Dharmawan\AppData\Local\JetBrains\IntelliJIdea2025.2\captureAgent\debugger-agent.jar path:C:\Users\Dharmawan\.jdks\openjdk-24.0.2+12-54\bin\instrument.dll, loaded, initialized, instrumentlib options:file:///C:/Users/DHARMA~1/AppData/Local/Temp/capture8983066176554413725.props
C:\Users\Dharmawan\AppData\Local\Temp\idea_libasyncProfiler_dll_temp_folder1\libasyncProfiler.dll path:C:\Users\Dharmawan\AppData\Local\Temp\idea_libasyncProfiler_dll_temp_folder1\libasyncProfiler.dll, loaded, initialized, options:version,jfr,event=wall,interval=10ms,cstack=no,file=C:\Users\Dharmawan\IdeaSnapshots\ShadowDungeon_2025_09_11_172743.jfr,dbghelppath=C:\Users\Dharmawan\AppData\Local\Temp\idea_dbghelp_dll_temp_folder\dbghelp.dll,log=C:\Users\Dharmawan\AppData\Local\Temp\ShadowDungeon_2025_09_11_172743.jfr.log.txt,logLevel=DEBUG

dbghelp: loaded successfully - version: 4.0.5 - missing functions: none
symbol engine: initialized successfully - sym options: 0x614 - pdb path: .;C:\Users\Dharmawan\.jdks\openjdk-24.0.2+12-54\bin;C:\WINDOWS\SYSTEM32;C:\WINDOWS\WinSxS\amd64_microsoft.windows.common-controls_6595b64144ccf1df_6.0.26100.4768_none_3e0c112ce331287c;C:\Program Files (x86)\Citrix\ICA Client;C:\Users\Dharmawan\.jdks\openjdk-24.0.2+12-54\bin\server;C:\Users\Dharmawan\AppData\Local\Temp\idea_libasyncProfiler_dll_temp_folder1;C:\Users\Dharmawan\AppData\Local\Temp\lwjglDharmawan\3.3.1-build-7;C:\Users\DHARMA~1\AppData\Local\Temp\lwjglDharmawan\3.3.1-build-7

VM Arguments:
jvm_args: -agentlib:jdwp=transport=dt_socket,address=127.0.0.1:60661,suspend=y,server=n -javaagent:C:\Users\Dharmawan\AppData\Local\JetBrains\IntelliJIdea2025.2\captureAgent\debugger-agent.jar=file:///C:/Users/DHARMA~1/AppData/Local/Temp/capture8983066176554413725.props -agentpath:C:\Users\Dharmawan\AppData\Local\Temp\idea_libasyncProfiler_dll_temp_folder1\libasyncProfiler.dll=version,jfr,event=wall,interval=10ms,cstack=no,file=C:\Users\Dharmawan\IdeaSnapshots\ShadowDungeon_2025_09_11_172743.jfr,dbghelppath=C:\Users\Dharmawan\AppData\Local\Temp\idea_dbghelp_dll_temp_folder\dbghelp.dll,log=C:\Users\Dharmawan\AppData\Local\Temp\ShadowDungeon_2025_09_11_172743.jfr.log.txt,logLevel=DEBUG -Dkotlinx.coroutines.debug.enable.creation.stack.trace=false -Ddebugger.agent.enable.coroutines=true -Dkotlinx.coroutines.debug.enable.flows.stack.trace=true -Dkotlinx.coroutines.debug.enable.mutable.state.flows.stack.trace=true -Dfile.encoding=UTF-8 -Dsun.stdout.encoding=UTF-8 -Dsun.stderr.encoding=UTF-8 
java_command: ShadowDungeon
java_class_path (initial): C:\Users\Dharmawan\mdharmawan-project-1\target\classes;C:\Users\Dharmawan\.m2\repository\org\lwjgl\lwjgl\3.3.1\lwjgl-3.3.1.jar;C:\Users\Dharmawan\.m2\repository\org\lwjgl\lwjgl-assimp\3.3.1\lwjgl-assimp-3.3.1.jar;C:\Users\Dharmawan\.m2\repository\org\lwjgl\lwjgl-glfw\3.3.1\lwjgl-glfw-3.3.1.jar;C:\Users\Dharmawan\.m2\repository\org\lwjgl\lwjgl-openal\3.3.1\lwjgl-openal-3.3.1.jar;C:\Users\Dharmawan\.m2\repository\org\lwjgl\lwjgl-opengl\3.3.1\lwjgl-opengl-3.3.1.jar;C:\Users\Dharmawan\.m2\repository\org\lwjgl\lwjgl-stb\3.3.1\lwjgl-stb-3.3.1.jar;C:\Users\Dharmawan\.m2\repository\org\lwjgl\lwjgl\3.3.1\lwjgl-3.3.1-natives-windows.jar;C:\Users\Dharmawan\.m2\repository\org\lwjgl\lwjgl-assimp\3.3.1\lwjgl-assimp-3.3.1-natives-windows.jar;C:\Users\Dharmawan\.m2\repository\org\lwjgl\lwjgl-glfw\3.3.1\lwjgl-glfw-3.3.1-natives-windows.jar;C:\Users\Dharmawan\.m2\repository\org\lwjgl\lwjgl-openal\3.3.1\lwjgl-openal-3.3.1-natives-windows.jar;C:\Users\Dharmawan\.m2\repository\org\lwjgl\lwjgl-opengl\3.3.1\lwjgl-opengl-3.3.1-natives-windows.jar;C:\Users\Dharmawan\.m2\repository\org\lwjgl\lwjgl-stb\3.3.1\lwjgl-stb-3.3.1-natives-windows.jar;C:\Users\Dharmawan\.m2\repository\io\github\eleanor-em\bagel\1.9.3\bagel-1.9.3.jar;C:\Program Files\JetBrains\IntelliJ IDEA 2025.2.1\lib\idea_rt.jar
Launcher Type: SUN_STANDARD

[Global flags]
     intx CICompilerCount                          = 4                                         {product} {ergonomic}
     uint ConcGCThreads                            = 2                                         {product} {ergonomic}
     uint G1ConcRefinementThreads                  = 8                                         {product} {ergonomic}
   size_t G1HeapRegionSize                         = 1048576                                   {product} {ergonomic}
   size_t InitialHeapSize                          = 130023424                                 {product} {ergonomic}
   size_t MarkStackSize                            = 4194304                                   {product} {ergonomic}
   size_t MarkStackSizeMax                         = 536870912                                 {product} {ergonomic}
   size_t MaxHeapSize                              = 2069889024                                {product} {ergonomic}
   size_t MaxNewSize                               = 1241513984                                {product} {ergonomic}
   size_t MinHeapDeltaBytes                        = 1048576                                   {product} {ergonomic}
   size_t MinHeapSize                              = 8388608                                   {product} {ergonomic}
    uintx NonNMethodCodeHeapSize                   = 5832704                                {pd product} {ergonomic}
    uintx NonProfiledCodeHeapSize                  = 122945536                              {pd product} {ergonomic}
    uintx ProfiledCodeHeapSize                     = 122880000                              {pd product} {ergonomic}
    uintx ReservedCodeCacheSize                    = 251658240                              {pd product} {ergonomic}
     bool SegmentedCodeCache                       = true                                      {product} {ergonomic}
   size_t SoftMaxHeapSize                          = 2069889024                             {manageable} {ergonomic}
     bool UseCompressedOops                        = true                           {product lp64_product} {ergonomic}
     bool UseG1GC                                  = true                                      {product} {ergonomic}
     bool UseLargePagesIndividualAllocation        = false                                  {pd product} {ergonomic}

Logging:
Log output configuration:
 #0: stdout all=warning uptime,level,tags foldmultilines=false
 #1: stderr all=off uptime,level,tags foldmultilines=false

Environment Variables:
PATH=C:\WINDOWS\system32;C:\WINDOWS;C:\WINDOWS\System32\Wbem;C:\WINDOWS\System32\WindowsPowerShell\v1.0\;C:\WINDOWS\System32\OpenSSH\;C:\Program Files\dotnet\;C:\Program Files\MATLAB\R2024b\bin;C:\Program Files\Git\cmd;C:\Users\Dharmawan\AppData\Local\Programs\Python\Launcher\;C:\Users\Dharmawan\AppData\Local\Microsoft\WindowsApps;C:\MinGW\bin;C:\Users\Dharmawan\AppData\Local\Programs\Microsoft VS Code\bin;C:\Users\Dharmawan\AppData\Local\Programs\MiKTeX\miktex\bin\x64\;C:\Users\Dharmawan\AppData\Roaming\TinyTeX\bin\windows
USERNAME=Dharmawan
OS=Windows_NT
PROCESSOR_IDENTIFIER=Intel64 Family 6 Model 140 Stepping 2, GenuineIntel
TMP=C:\Users\DHARMA~1\AppData\Local\Temp
TEMP=C:\Users\DHARMA~1\AppData\Local\Temp




Periodic native trim disabled

---------------  S Y S T E M  ---------------

OS:
 Windows 11 , 64 bit Build 26100 (10.0.26100.4768)
OS uptime: 12 days 2:05 hours
Hyper-V role detected

CPU: total 8 (initial active 8) (4 cores per cpu, 2 threads per core) family 6 model 140 stepping 2 microcode 0x22, cx8, cmov, fxsr, ht, mmx, 3dnowpref, sse, sse2, sse3, ssse3, sse4.1, sse4.2, popcnt, lzcnt, tsc, tscinvbit, avx, avx2, aes, erms, clmul, bmi1, bmi2, adx, avx512f, avx512dq, avx512cd, avx512bw, avx512vl, sha, fma, vzeroupper, avx512_vpopcntdq, avx512_vpclmulqdq, avx512_vaes, avx512_vnni, clflush, clflushopt, clwb, avx512_vbmi2, avx512_vbmi, hv, rdtscp, rdpid, fsrm, gfni, avx512_bitalg, f16c, cet_ibt, cet_ss, avx512_ifma
Processor Information for the first 8 processors :
  Max Mhz: 2496, Current Mhz: 2496, Mhz Limit: 2496

Memory: 4k page, system-wide physical 7894M (508M free)
TotalPageFile size 21718M (AvailPageFile size 5206M)
current process WorkingSet (physical memory assigned to process): 69M, peak: 69M
current process commit charge ("private bytes"): 237M, peak: 237M

vm_info: OpenJDK 64-Bit Server VM (24.0.2+12-54) for windows-amd64 JRE (24.0.2+12-54), built on 2025-07-08T12:10:27Z with MS VC++ 17.6 (VS2022)

END.
