#
# A fatal error has been detected by the Java Runtime Environment:
#
#  EXCEPTION_ACCESS_VIOLATION (0xc0000005) at pc=0x00007ffe24717164, pid=17112, tid=6140
#
# JRE version: OpenJDK Runtime Environment (24.0.2+12) (build 24.0.2+12-54)
# Java VM: OpenJDK 64-Bit Server VM (24.0.2+12-54, mixed mode, sharing, tiered, compressed oops, compressed class ptrs, g1 gc, windows-amd64)
# Problematic frame:
# C  [jdwp.dll+0x27164]
#
# No core dump will be written. Minidumps are not enabled by default on client versions of Windows
#
# If you would like to submit a bug report, please visit:
#   https://bugreport.java.com/bugreport/crash.jsp
# The crash happened outside the Java Virtual Machine in native code.
# See problematic frame for where to report the bug.
#

---------------  S U M M A R Y ------------

Command Line: -agentlib:jdwp=transport=dt_socket,address=127.0.0.1:59405,suspend=y,server=n -javaagent:C:\Users\Dharmawan\AppData\Local\JetBrains\IntelliJIdea2025.2\captureAgent\debugger-agent.jar=file:///C:/Users/DHARMA~1/AppData/Local/Temp/capture17404407886175345351.props -agentpath:C:\Users\Dharmawan\AppData\Local\Temp\idea_libasyncProfiler_dll_temp_folder2\libasyncProfiler.dll=version,jfr,event=wall,interval=10ms,cstack=no,file=C:\Users\Dharmawan\IdeaSnapshots\ShadowDungeon_2025_10_14_233547.jfr,dbghelppath=C:\Users\Dharmawan\AppData\Local\Temp\idea_dbghelp_dll_temp_folder\dbghelp.dll,log=C:\Users\Dharmawan\AppData\Local\Temp\ShadowDungeon_2025_10_14_233547.jfr.log.txt,logLevel=DEBUG -Dkotlinx.coroutines.debug.enable.creation.stack.trace=false -Ddebugger.agent.enable.coroutines=true -Dkotlinx.coroutines.debug.enable.flows.stack.trace=true -Dkotlinx.coroutines.debug.enable.mutable.state.flows.stack.trace=true -Dfile.encoding=UTF-8 -Dsun.stdout.encoding=UTF-8 -Dsun.stderr.encoding=UTF-8 ShadowDungeon

Host: 11th Gen Intel(R) Core(TM) i5-1155G7 @ 2.50GHz, 8 cores, 7G,  Windows 11 , 64 bit Build 26100 (10.0.26100.5074)
Time: Tue Oct 14 23:35:52 2025 AUS Eastern Daylight Time elapsed time: 2.122125 seconds (0d 0h 0m 2s)

---------------  T H R E A D  ---------------

Current thread (0x00000265eab99d20):  JavaThread "main"             [_thread_in_native, id=6140, stack(0x000000d8e4400000,0x000000d8e4500000) (1024K)]

Stack: [0x000000d8e4400000,0x000000d8e4500000],  sp=0x000000d8e44fe4a8,  free space=1017k
Native frames: (J=compiled Java code, j=interpreted, Vv=VM code, C=native code)
C  [jdwp.dll+0x27164]  (no source info available)
C  [jdwp.dll+0x167c3]  (no source info available)
C  [jdwp.dll+0x12c7f]  (no source info available)
V  [jvm.dll+0x5db047]  (no source info available)
V  [jvm.dll+0x4011a3]  (no source info available)
V  [jvm.dll+0x3ffb86]  (no source info available)
V  [jvm.dll+0x3ffb28]  (no source info available)
V  [jvm.dll+0x62a86b]  (no source info available)
V  [jvm.dll+0x62a929]  (no source info available)
V  [jvm.dll+0x416389]  (no source info available)
V  [jvm.dll+0x415eb6]  (no source info available)
C  0x000002658754f7d1  (no source info available)

The last pc belongs to getstatic (printed below).
Java frames: (J=compiled Java code, j=interpreted, Vv=VM code)
j  org.lwjgl.glfw.GLFW.glfwInit()Z+0
j  bagel.AbstractGame.<clinit>()V+19
v  ~StubRoutines::call_stub 0x0000026587530fcd

siginfo: EXCEPTION_ACCESS_VIOLATION (0xc0000005), reading address 0xffffffffffffffff


Registers:
RAX=0x00000265d4a61a40, RBX=0x00000265f980ad50, RCX=0x00000265eab9a0e8, RDX=0x00000265f980ad50
RSP=0x000000d8e44fe4a8, RBP=0x0000000000000002, RSI=0x00000265eab9a0e8, RDI=0x000000d8e44fe550
R8 =0x0000000000010002, R9 =0x0000000000000000, R10=0x00007ffe4ce70000, R11=0x000000d8e44fe478
R12=0x0000000000000000, R13=0x00000265f980ad50, R14=0x00007ffe24720500, R15=0x0000000000000007
RIP=0x00007ffe24717164, EFLAGS=0x0000000000010206

XMM[0]=0x0000000000000000 0x0000000000000000
XMM[1]=0x0000000000000000 0x0000000000000000
XMM[2]=0x0000000000000000 0x0000000000000000
XMM[3]=0x0000000000000000 0x0000000000000000
XMM[4]=0x0000000000000000 0x0000000000000000
XMM[5]=0x0000000000000000 0x0000000000000000
XMM[6]=0x0000000000000000 0x0000000000000000
XMM[7]=0x0000000000000000 0x0000000000000000
XMM[8]=0x0000000000000000 0x0000000000000000
XMM[9]=0x0000000000000000 0x0000000000000000
XMM[10]=0x0000000000000000 0x0000000000000000
XMM[11]=0x0000000000000000 0x0000000000000000
XMM[12]=0x0000000000000000 0x0000000000000000
XMM[13]=0x0000000000000000 0x0000000000000000
XMM[14]=0x0000000000000000 0x0000000000000000
XMM[15]=0x0000000000000000 0x0000000000000000
  MXCSR=0x00001fa0


Register to memory mapping:

RAX=0x00000265d4a61a40 points into unknown readable memory: 0x0000000000000000 | 00 00 00 00 00 00 00 00
RBX=0x00000265f980ad50 points into unknown readable memory: 0x000000008c501ed8 | d8 1e 50 8c 00 00 00 00
RCX=0x00000265eab9a0e8 points into unknown readable memory: 0x00000265d4a61a40 | 40 1a a6 d4 65 02 00 00
RDX=0x00000265f980ad50 points into unknown readable memory: 0x000000008c501ed8 | d8 1e 50 8c 00 00 00 00
RSP=0x000000d8e44fe4a8 is pointing into the stack for thread: 0x00000265eab99d20
RBP=0x0000000000000002 is an unknown value
RSI=0x00000265eab9a0e8 points into unknown readable memory: 0x00000265d4a61a40 | 40 1a a6 d4 65 02 00 00
RDI=0x000000d8e44fe550 is pointing into the stack for thread: 0x00000265eab99d20
R8 =0x0000000000010002 is an unknown value
R9 =0x0 is null
R10=0x00007ffe4ce70000 VCRUNTIME140.dll
R11=0x000000d8e44fe478 is pointing into the stack for thread: 0x00000265eab99d20
R12=0x0 is null
R13=0x00000265f980ad50 points into unknown readable memory: 0x000000008c501ed8 | d8 1e 50 8c 00 00 00 00
R14=0x00007ffe24720500 jdwp.dll
R15=0x0000000000000007 is an unknown value

Top of Stack: (sp=0x000000d8e44fe4a8)
0x000000d8e44fe4a8:   00007ffe247067c3 00000265f980ad50   .gp$....P...e...
0x000000d8e44fe4b8:   00000265eab9a0e8 0000000000000000   ....e...........
0x000000d8e44fe4c8:   0000000000000000 00000265e8a7aca0   ............e...
0x000000d8e44fe4d8:   0000000000000020 00000265e8aa2088    ........ ..e...
0x000000d8e44fe4e8:   00007ffe247205e8 00000265eab9a318   ..r$........e...
0x000000d8e44fe4f8:   00007ffe24702c7f 00000265f980ad50   .,p$....P...e...
0x000000d8e44fe508:   0000000000000002 00000265eab9a0e8   ............e...
0x000000d8e44fe518:   00000265f980ad58 00000265f9959270   X...e...p...e...
0x000000d8e44fe528:   00007ffdc44e03a1 00000265f99e9c88   ..N.........e...
0x000000d8e44fe538:   00000265f9959270 000000d8e44fe7e0   p...e.....O.....
0x000000d8e44fe548:   00000265eab99d20 0000000000000007    ...e...........
0x000000d8e44fe558:   00000265f980ad50 0000000000000000   P...e...........
0x000000d8e44fe568:   00000265f980ad58 0000000000000000   X...e...........
0x000000d8e44fe578:   0000000000000000 0000000000000000   ................
0x000000d8e44fe588:   0000000000000000 0000000000000000   ................
0x000000d8e44fe598:   0000000000000000 0000000000000000   ................
0x000000d8e44fe5a8:   00000265eab9a318 0000026590014648   ....e...HF..e...
0x000000d8e44fe5b8:   00007ffdc47fb047 00000265f980ad58   G.......X...e...
0x000000d8e44fe5c8:   00000265eacec610 00000265eab99d20   ....e... ...e...
0x000000d8e44fe5d8:   00000000000003d8 0000000000000000   ................
0x000000d8e44fe5e8:   00000265e8aa3570 000000d8e44fe780   p5..e.....O.....
0x000000d8e44fe5f8:   0000000000000005 00000265eab99d20   ........ ...e...
0x000000d8e44fe608:   00007ffdc44de472 000049b311b48db6   r.M..........I..
0x000000d8e44fe618:   000002658f65e240 00000265eae87510   @.e.e....u..e...
0x000000d8e44fe628:   00000265eab9a460 00000265eab9a470   `...e...p...e...
0x000000d8e44fe638:   00000265eab9a848 00000000000003d8   H...e...........
0x000000d8e44fe648:   00000265eab99d20 00000265eab99d20    ...e... ...e...
0x000000d8e44fe658:   00000265eae87d90 00000265e8a8e000   .}..e.......e...
0x000000d8e44fe668:   00000265e8a8e028 00000265e8a8e0e8   (...e.......e...
0x000000d8e44fe678:   00000000000000d8 000000d8e44fe690   ..........O.....
0x000000d8e44fe688:   00007ffdc491c163 00000265eab99d20   c....... ...e...
0x000000d8e44fe698:   00000265eae87d90 00000265e8a8e000   .}..e.......e...

Instructions: (pc=0x00007ffe24717164)
  0x00007ffe24717064:   05 87 00 01 00 48 8b 03 48 8b d7 4d 8b 40 30 48
  0x00007ffe24717074:   8b cb 48 8b 5c 24 30 48 83 c4 20 5f 48 ff a0 00
  0x00007ffe24717084:   01 00 00 cc 48 89 5c 24 08 57 48 83 ec 20 48 8b
  0x00007ffe24717094:   f9 e8 de eb ff ff 4c 8b 05 4f 00 01 00 48 8b d8
  0x00007ffe247170a4:   41 f6 80 10 02 00 00 02 74 33 41 b8 04 06 00 00
  0x00007ffe247170b4:   48 8d 15 dd be 00 00 48 8d 0d 12 53 00 00 e8 81
  0x00007ffe247170c4:   47 ff ff 48 8d 15 ea 91 00 00 48 8d 0d 13 53 00
  0x00007ffe247170d4:   00 e8 16 48 ff ff 4c 8b 05 0f 00 01 00 48 8b 03
  0x00007ffe247170e4:   48 8b d7 4d 8b 40 38 48 8b cb 48 8b 5c 24 30 48
  0x00007ffe247170f4:   83 c4 20 5f 48 ff a0 00 01 00 00 cc 48 89 5c 24
  0x00007ffe24717104:   08 57 48 83 ec 20 48 8b f9 e8 66 eb ff ff 48 8b
  0x00007ffe24717114:   15 d7 ff 00 00 48 8b d8 f6 82 10 02 00 00 02 74
  0x00007ffe24717124:   2c 41 b8 f6 05 00 00 48 8d 15 66 be 00 00 48 8d
  0x00007ffe24717134:   0d 9b 52 00 00 e8 0a 47 ff ff 48 8d 15 5b 63 00
  0x00007ffe24717144:   00 48 8d 0d 9c 52 00 00 e8 9f 47 ff ff 48 8b 03
  0x00007ffe24717154:   48 8b d7 48 8b cb 48 8b 5c 24 30 48 83 c4 20 5f
=>0x00007ffe24717164:   48 ff a0 50 07 00 00 cc 48 89 5c 24 08 48 89 74
  0x00007ffe24717174:   24 10 48 89 7c 24 18 41 56 48 83 ec 20 4c 63 f2
  0x00007ffe24717184:   49 8b d8 48 8b d1 41 8b f9 48 8b cb 4d 8d 46 ff
  0x00007ffe24717194:   ff 15 be 50 00 00 85 c0 75 3c 41 0f be 44 1e ff
  0x00007ffe247171a4:   3b c7 75 32 49 03 de eb 10 0f be c8 ff 15 ba 50
  0x00007ffe247171b4:   00 00 85 c0 74 09 48 ff c3 8a 03 84 c0 75 ea 80
  0x00007ffe247171c4:   3b 3b 74 12 8b d7 48 8b cb e8 40 4b 00 00 48 85
  0x00007ffe247171d4:   c0 0f 94 c0 eb 02 32 c0 48 8b 5c 24 30 48 8b 74
  0x00007ffe247171e4:   24 38 48 8b 7c 24 40 48 83 c4 20 41 5e c3 cc cc
  0x00007ffe247171f4:   0f b6 d1 83 fa 1e 0f 87 83 00 00 00 74 7b 83 fa
  0x00007ffe24717204:   07 77 41 74 39 83 ea 01 74 2e 83 ea 01 74 23 83
  0x00007ffe24717214:   ea 01 74 18 83 ea 01 74 0d 83 fa 02 0f 85 8a 00
  0x00007ffe24717224:   00 00 8d 42 03 c3 b8 04 00 00 00 c3 b8 03 00 00
  0x00007ffe24717234:   00 c3 b8 02 00 00 00 c3 b8 01 00 00 00 c3 b8 06
  0x00007ffe24717244:   00 00 00 c3 b8 08 00 00 00 2b d0 74 26 83 ea 01
  0x00007ffe24717254:   0f 84 88 00 00 00 83 ea 01 74 12 b8 0a 00 00 00


Stack slot to memory mapping:

stack at sp + 0 slots: 0x00007ffe247067c3 jdwp.dll
stack at sp + 1 slots: 0x00000265f980ad50 points into unknown readable memory: 0x000000008c501ed8 | d8 1e 50 8c 00 00 00 00
stack at sp + 2 slots: 0x00000265eab9a0e8 points into unknown readable memory: 0x00000265d4a61a40 | 40 1a a6 d4 65 02 00 00
stack at sp + 3 slots: 0x0 is null
stack at sp + 4 slots: 0x0 is null
stack at sp + 5 slots: 0x00000265e8a7aca0 points into unknown readable memory: 0x00000265e8aa2040 | 40 20 aa e8 65 02 00 00
stack at sp + 6 slots: 0x0000000000000020 is an unknown value
stack at sp + 7 slots: 0x00000265e8aa2088 points into unknown readable memory: 0x8000001200000001 | 01 00 00 00 12 00 00 80

Lock stack of current Java thread (top to bottom):
LockStack[0]: [I 
{0x000000008bcf4870} - klass: {type array int} - flags: is_cloneable_fast 

 - length: 0

getstatic  178 getstatic  [0x000002658754f720, 0x000002658754fb78]  1112 bytes
[MachCode]
  0x000002658754f720: 4883 ec08 | c5fa 1104 | 24eb 1f48 | 83ec 10c5 | fb11 0424 | eb14 4883 | ec10 4889 | 0424 48c7 
  0x000002658754f740: 4424 0800 | 0000 00eb | 0150 488b | 4dd0 410f | b755 0148 | 8b49 306b | d218 488d | 4c11 080f 
  0x000002658754f760: b659 1281 | fbb2 0000 | 000f 8474 | 0100 00bb | b200 0000 | e805 0000 | 00e9 5001 | 0000 488b 
  0x000002658754f780: d348 8d44 | 2408 4c89 | 6dc0 498b | cfc5 f877 | 4989 afb8 | 0300 0049 | 8987 a803 | 0000 4883 
  0x000002658754f7a0: ec20 40f6 | c40f 0f84 | 1900 0000 | 4883 ec08 | 48b8 505d | 63c4 fd7f | 0000 ffd0 | 4883 c408 
  0x000002658754f7c0: e90c 0000 | 0048 b850 | 5d63 c4fd | 7f00 00ff | d048 83c4 | 2049 c787 | a803 0000 | 0000 0000 
  0x000002658754f7e0: 49c7 87b8 | 0300 0000 | 0000 0049 | c787 b003 | 0000 0000 | 0000 c5f8 | 7741 8b8f | 3405 0000 
  0x000002658754f800: f6c1 010f | 8442 0000 | 00f6 c102 | 0f85 3900 | 0000 4883 | ec20 40f6 | c40f 0f84 | 1900 0000 
  0x000002658754f820: 4883 ec08 | 48b8 f002 | 63c4 fd7f | 0000 ffd0 | 4883 c408 | e90c 0000 | 0048 b8f0 | 0263 c4fd 
  0x000002658754f840: 7f00 00ff | d048 83c4 | 20ff e049 | 8b8f f805 | 0000 4885 | c90f 8455 | 0000 008b | 899c 0000 
  0x000002658754f860: 0083 f901 | 0f85 4600 | 0000 498b | 8ff8 0500 | 008b 89a0 | 0000 0048 | 83ec 2040 | f6c4 0f0f 
  0x000002658754f880: 8419 0000 | 0048 83ec | 0848 b8e0 | 0263 c4fd | 7f00 00ff | d048 83c4 | 08e9 0c00 | 0000 48b8 
  0x000002658754f8a0: e002 63c4 | fd7f 0000 | ffd0 4883 | c420 ffe0 | 4983 7f08 | 000f 8405 | 0000 00e9 | 0016 feff 
  0x000002658754f8c0: 4c8b 6dc0 | 4c8b 75c8 | 4e8d 74f5 | 00c3 488b | 4dd0 410f | b755 0148 | 8b49 306b | d218 488d 
  0x000002658754f8e0: 4c11 0848 | b870 d9ec | c4fd 7f00 | 008b 0085 | c00f 848a | 0100 0048 | 8b4d d041 | 0fb7 5501 
  0x000002658754f900: 488b 4930 | 6bd2 1848 | 8d4c 1108 | 4833 c0e8 | 0500 0000 | e953 0100 | 004c 8bc1 | 488b d048 
  0x000002658754f920: 8d44 2408 | 4c89 6dc0 | 498b cfc5 | f877 4989 | afb8 0300 | 0049 8987 | a803 0000 | 4883 ec20 
  0x000002658754f940: 40f6 c40f | 0f84 1900 | 0000 4883 | ec08 48b8 | c052 63c4 | fd7f 0000 | ffd0 4883 | c408 e90c 
  0x000002658754f960: 0000 0048 | b8c0 5263 | c4fd 7f00 | 00ff d048 | 83c4 2049 | c787 a803 | 0000 0000 | 0000 49c7 
  0x000002658754f980: 87b8 0300 | 0000 0000 | 0049 c787 | b003 0000 | 0000 0000 | c5f8 7741 | 8b8f 3405 | 0000 f6c1 
  0x000002658754f9a0: 010f 8442 | 0000 00f6 | c102 0f85 | 3900 0000 | 4883 ec20 | 40f6 c40f | 0f84 1900 | 0000 4883 
  0x000002658754f9c0: ec08 48b8 | f002 63c4 | fd7f 0000 | ffd0 4883 | c408 e90c | 0000 0048 | b8f0 0263 | c4fd 7f00 
  0x000002658754f9e0: 00ff d048 | 83c4 20ff | e049 8b8f | f805 0000 | 4885 c90f | 8455 0000 | 008b 899c | 0000 0083 
  0x000002658754fa00: f901 0f85 | 4600 0000 | 498b 8ff8 | 0500 008b | 89a0 0000 | 0048 83ec | 2040 f6c4 | 0f0f 8419 
  0x000002658754fa20: 0000 0048 | 83ec 0848 | b8e0 0263 | c4fd 7f00 | 00ff d048 | 83c4 08e9 | 0c00 0000 | 48b8 e002 
  0x000002658754fa40: 63c4 fd7f | 0000 ffd0 | 4883 c420 | ffe0 4983 | 7f08 000f | 8405 0000 | 00e9 6214 | feff 4c8b 
  0x000002658754fa60: 6dc0 4c8b | 75c8 4e8d | 74f5 00c3 | 488b 4dd0 | 410f b755 | 0148 8b49 | 306b d218 | 488d 4c11 
  0x000002658754fa80: 088b 5908 | 0fb6 5111 | 0fb6 4110 | 4c8b 094d | 8b49 704d | 8b09 85c0 | 0f85 0b00 | 0000 410f 
  0x000002658754faa0: be04 1950 | e9b1 0000 | 0083 f801 | 0f85 0b00 | 0000 410f | b604 1950 | e99d 0000 | 0083 f808 
  0x000002658754fac0: 0f85 0a00 | 0000 418b | 0419 50e9 | 8a00 0000 | 83f8 040f | 850a 0000 | 0041 8b04 | 1950 e977 
  0x000002658754fae0: 0000 0083 | f802 0f85 | 0b00 0000 | 410f b704 | 1950 e963 | 0000 0083 | f803 0f85 | 0b00 0000 
  0x000002658754fb00: 410f bf04 | 1950 e94f | 0000 0083 | f805 0f85 | 1a00 0000 | 498b 0419 | 4883 ec10 | 4889 0424 
  0x000002658754fb20: 48c7 4424 | 0800 0000 | 00e9 2c00 | 0000 83f8 | 060f 8514 | 0000 00c4 | c17a 1004 | 1948 83ec 
  0x000002658754fb40: 08c5 fa11 | 0424 e90f | 0000 00c4 | c17b 1004 | 1948 83ec | 10c5 fb11 | 0424 410f | b65d 0349 
  0x000002658754fb60: 83c5 0349 | ba70 91ef | c4fd 7f00 | 0041 ff24 | da0f 1f80 | 0000 0000 
[/MachCode]

---------------  P R O C E S S  ---------------

Threads class SMR info:
_java_thread_list=0x00000265d40dad50, length=15, elements={
0x00000265eab99d20, 0x00000265f99557d0, 0x00000265f9955f10, 0x00000265f9956a40,
0x00000265f9959820, 0x00000265f995c430, 0x00000265f9957a90, 0x00000265f9965f80,
0x00000265f996bbe0, 0x00000265f9bb6590, 0x00000265f9bc4730, 0x00000265f9bd76c0,
0x00000265d4095760, 0x00000265d41086c0, 0x00000265d41f92f0
}

Java Threads: ( => current thread )
=>0x00000265eab99d20 JavaThread "main"                              [_thread_in_native, id=6140, stack(0x000000d8e4400000,0x000000d8e4500000) (1024K)]
  0x00000265f99557d0 JavaThread "Reference Handler"          daemon [_thread_blocked, id=17180, stack(0x000000d8e4d00000,0x000000d8e4e00000) (1024K)]
  0x00000265f9955f10 JavaThread "Finalizer"                  daemon [_thread_blocked, id=23852, stack(0x000000d8e4e00000,0x000000d8e4f00000) (1024K)]
  0x00000265f9956a40 JavaThread "Signal Dispatcher"          daemon [_thread_blocked, id=12272, stack(0x000000d8e4f00000,0x000000d8e5000000) (1024K)]
  0x00000265f9959820 JavaThread "Attach Listener"            daemon [_thread_blocked, id=1812, stack(0x000000d8e5000000,0x000000d8e5100000) (1024K)]
  0x00000265f995c430 JavaThread "Service Thread"             daemon [_thread_blocked, id=23176, stack(0x000000d8e5100000,0x000000d8e5200000) (1024K)]
  0x00000265f9957a90 JavaThread "Monitor Deflation Thread"   daemon [_thread_blocked, id=27488, stack(0x000000d8e5200000,0x000000d8e5300000) (1024K)]
  0x00000265f9965f80 JavaThread "C2 CompilerThread0"         daemon [_thread_blocked, id=12712, stack(0x000000d8e5300000,0x000000d8e5400000) (1024K)]
  0x00000265f996bbe0 JavaThread "C1 CompilerThread0"         daemon [_thread_blocked, id=33916, stack(0x000000d8e5400000,0x000000d8e5500000) (1024K)]
  0x00000265f9bb6590 JavaThread "JDWP Transport Listener: dt_socket" daemon [_thread_blocked, id=20748, stack(0x000000d8e5500000,0x000000d8e5600000) (1024K)]
  0x00000265f9bc4730 JavaThread "JDWP Event Helper Thread"   daemon [_thread_blocked, id=1380, stack(0x000000d8e5600000,0x000000d8e5700000) (1024K)]
  0x00000265f9bd76c0 JavaThread "JDWP Command Reader"        daemon [_thread_in_native, id=25092, stack(0x000000d8e5700000,0x000000d8e5800000) (1024K)]
  0x00000265d4095760 JavaThread "Common-Cleaner"             daemon [_thread_blocked, id=34144, stack(0x000000d8e5800000,0x000000d8e5900000) (1024K)]
  0x00000265d41086c0 JavaThread "IntelliJ Suspend Helper"    daemon [_thread_blocked, id=29812, stack(0x000000d8e5900000,0x000000d8e5a00000) (1024K)]
  0x00000265d41f92f0 JavaThread "Notification Thread"        daemon [_thread_blocked, id=20628, stack(0x000000d8e5a00000,0x000000d8e5b00000) (1024K)]
Total: 15

Other Threads:
  0x00000265f9941b60 VMThread "VM Thread"                           [id=17164, stack(0x000000d8e4c00000,0x000000d8e4d00000) (1024K)]
  0x00000265f980a9c0 WatcherThread "VM Periodic Task Thread"        [id=9248, stack(0x000000d8e4b00000,0x000000d8e4c00000) (1024K)]
  0x00000265eabff600 WorkerThread "GC Thread#0"                     [id=20276, stack(0x000000d8e4600000,0x000000d8e4700000) (1024K)]
  0x00000265eac13870 ConcurrentGCThread "G1 Main Marker"            [id=8032, stack(0x000000d8e4700000,0x000000d8e4800000) (1024K)]
  0x00000265eac15040 WorkerThread "G1 Conc#0"                       [id=16664, stack(0x000000d8e4800000,0x000000d8e4900000) (1024K)]
  0x00000265eace0150 ConcurrentGCThread "G1 Refine#0"               [id=21224, stack(0x000000d8e4900000,0x000000d8e4a00000) (1024K)]
  0x00000265eace0a80 ConcurrentGCThread "G1 Service"                [id=27912, stack(0x000000d8e4a00000,0x000000d8e4b00000) (1024K)]
Total: 7

Threads with active compile tasks:
Total: 0

VM state: not at safepoint (normal execution)

VM Mutex/Monitor currently owned by a thread: None

Heap address: 0x0000000084a00000, size: 1974 MB, Compressed Oops mode: 32-bit

CDS archive(s) mapped at: [0x000002658f000000-0x000002658fd40000-0x000002658fd40000), size 13893632, SharedBaseAddress: 0x000002658f000000, ArchiveRelocationMode: 1.
Compressed class space mapped at: 0x0000026590000000-0x00000265d0000000, reserved size: 1073741824
UseCompressedClassPointers 1, UseCompactObjectHeaders 0
Narrow klass pointer bits 32, Max shift 3
Narrow klass base: 0x000002658f000000, Narrow klass shift: 0
Encoding Range: [0x000002658f000000 - 0x000002668f000000), (4294967296 bytes)
Klass Range:    [0x000002658f000000 - 0x00000265d0000000), (1090519040 bytes)
Klass ID Range:  [8 - 1090519033) (1090519025)

GC Precious Log:
 CardTable entry size: 512
 Card Set container configuration: InlinePtr #cards 5 size 8 Array Of Cards #cards 10 size 36 Howl #buckets 4 coarsen threshold 1843 Howl Bitmap #cards 512 size 80 coarsen threshold 460 Card regions per heap region 1 cards per card region 2048
 CPUs: 8 total, 8 available
 Memory: 7894M
 Large Page Support: Disabled
 NUMA Support: Disabled
 Compressed Oops: Enabled (32-bit)
 Heap Region Size: 1M
 Heap Min Capacity: 8M
 Heap Initial Capacity: 124M
 Heap Max Capacity: 1974M
 Pre-touch: Disabled
 Parallel Workers: 8
 Concurrent Workers: 2
 Concurrent Refinement Workers: 8
 Periodic GC: Disabled

Heap:
 garbage-first heap   total reserved 2021376K, committed 129024K, used 10352K [0x0000000084a00000, 0x0000000100000000)
  region size 1024K, 10 young (10240K), 0 survivors (0K)
 Metaspace       used 4321K, committed 4480K, reserved 1114112K
  class space    used 321K, committed 448K, reserved 1048576K

Heap Regions: E=young(eden), S=young(survivor), O=old, HS=humongous(starts), HC=humongous(continues), CS=collection set, F=free, TAMS=top-at-mark-start, PB=parsable bottom
|   0|0x0000000084a00000, 0x0000000084a00000, 0x0000000084b00000|  0%| F|  |TAMS 0x0000000084a00000| PB 0x0000000084a00000| Untracked |  0
|   1|0x0000000084b00000, 0x0000000084b00000, 0x0000000084c00000|  0%| F|  |TAMS 0x0000000084b00000| PB 0x0000000084b00000| Untracked |  0
|   2|0x0000000084c00000, 0x0000000084c00000, 0x0000000084d00000|  0%| F|  |TAMS 0x0000000084c00000| PB 0x0000000084c00000| Untracked |  0
|   3|0x0000000084d00000, 0x0000000084d00000, 0x0000000084e00000|  0%| F|  |TAMS 0x0000000084d00000| PB 0x0000000084d00000| Untracked |  0
|   4|0x0000000084e00000, 0x0000000084e00000, 0x0000000084f00000|  0%| F|  |TAMS 0x0000000084e00000| PB 0x0000000084e00000| Untracked |  0
|   5|0x0000000084f00000, 0x0000000084f00000, 0x0000000085000000|  0%| F|  |TAMS 0x0000000084f00000| PB 0x0000000084f00000| Untracked |  0
|   6|0x0000000085000000, 0x0000000085000000, 0x0000000085100000|  0%| F|  |TAMS 0x0000000085000000| PB 0x0000000085000000| Untracked |  0
|   7|0x0000000085100000, 0x0000000085100000, 0x0000000085200000|  0%| F|  |TAMS 0x0000000085100000| PB 0x0000000085100000| Untracked |  0
|   8|0x0000000085200000, 0x0000000085200000, 0x0000000085300000|  0%| F|  |TAMS 0x0000000085200000| PB 0x0000000085200000| Untracked |  0
|   9|0x0000000085300000, 0x0000000085300000, 0x0000000085400000|  0%| F|  |TAMS 0x0000000085300000| PB 0x0000000085300000| Untracked |  0
|  10|0x0000000085400000, 0x0000000085400000, 0x0000000085500000|  0%| F|  |TAMS 0x0000000085400000| PB 0x0000000085400000| Untracked |  0
|  11|0x0000000085500000, 0x0000000085500000, 0x0000000085600000|  0%| F|  |TAMS 0x0000000085500000| PB 0x0000000085500000| Untracked |  0
|  12|0x0000000085600000, 0x0000000085600000, 0x0000000085700000|  0%| F|  |TAMS 0x0000000085600000| PB 0x0000000085600000| Untracked |  0
|  13|0x0000000085700000, 0x0000000085700000, 0x0000000085800000|  0%| F|  |TAMS 0x0000000085700000| PB 0x0000000085700000| Untracked |  0
|  14|0x0000000085800000, 0x0000000085800000, 0x0000000085900000|  0%| F|  |TAMS 0x0000000085800000| PB 0x0000000085800000| Untracked |  0
|  15|0x0000000085900000, 0x0000000085900000, 0x0000000085a00000|  0%| F|  |TAMS 0x0000000085900000| PB 0x0000000085900000| Untracked |  0
|  16|0x0000000085a00000, 0x0000000085a00000, 0x0000000085b00000|  0%| F|  |TAMS 0x0000000085a00000| PB 0x0000000085a00000| Untracked |  0
|  17|0x0000000085b00000, 0x0000000085b00000, 0x0000000085c00000|  0%| F|  |TAMS 0x0000000085b00000| PB 0x0000000085b00000| Untracked |  0
|  18|0x0000000085c00000, 0x0000000085c00000, 0x0000000085d00000|  0%| F|  |TAMS 0x0000000085c00000| PB 0x0000000085c00000| Untracked |  0
|  19|0x0000000085d00000, 0x0000000085d00000, 0x0000000085e00000|  0%| F|  |TAMS 0x0000000085d00000| PB 0x0000000085d00000| Untracked |  0
|  20|0x0000000085e00000, 0x0000000085e00000, 0x0000000085f00000|  0%| F|  |TAMS 0x0000000085e00000| PB 0x0000000085e00000| Untracked |  0
|  21|0x0000000085f00000, 0x0000000085f00000, 0x0000000086000000|  0%| F|  |TAMS 0x0000000085f00000| PB 0x0000000085f00000| Untracked |  0
|  22|0x0000000086000000, 0x0000000086000000, 0x0000000086100000|  0%| F|  |TAMS 0x0000000086000000| PB 0x0000000086000000| Untracked |  0
|  23|0x0000000086100000, 0x0000000086100000, 0x0000000086200000|  0%| F|  |TAMS 0x0000000086100000| PB 0x0000000086100000| Untracked |  0
|  24|0x0000000086200000, 0x0000000086200000, 0x0000000086300000|  0%| F|  |TAMS 0x0000000086200000| PB 0x0000000086200000| Untracked |  0
|  25|0x0000000086300000, 0x0000000086300000, 0x0000000086400000|  0%| F|  |TAMS 0x0000000086300000| PB 0x0000000086300000| Untracked |  0
|  26|0x0000000086400000, 0x0000000086400000, 0x0000000086500000|  0%| F|  |TAMS 0x0000000086400000| PB 0x0000000086400000| Untracked |  0
|  27|0x0000000086500000, 0x0000000086500000, 0x0000000086600000|  0%| F|  |TAMS 0x0000000086500000| PB 0x0000000086500000| Untracked |  0
|  28|0x0000000086600000, 0x0000000086600000, 0x0000000086700000|  0%| F|  |TAMS 0x0000000086600000| PB 0x0000000086600000| Untracked |  0
|  29|0x0000000086700000, 0x0000000086700000, 0x0000000086800000|  0%| F|  |TAMS 0x0000000086700000| PB 0x0000000086700000| Untracked |  0
|  30|0x0000000086800000, 0x0000000086800000, 0x0000000086900000|  0%| F|  |TAMS 0x0000000086800000| PB 0x0000000086800000| Untracked |  0
|  31|0x0000000086900000, 0x0000000086900000, 0x0000000086a00000|  0%| F|  |TAMS 0x0000000086900000| PB 0x0000000086900000| Untracked |  0
|  32|0x0000000086a00000, 0x0000000086a00000, 0x0000000086b00000|  0%| F|  |TAMS 0x0000000086a00000| PB 0x0000000086a00000| Untracked |  0
|  33|0x0000000086b00000, 0x0000000086b00000, 0x0000000086c00000|  0%| F|  |TAMS 0x0000000086b00000| PB 0x0000000086b00000| Untracked |  0
|  34|0x0000000086c00000, 0x0000000086c00000, 0x0000000086d00000|  0%| F|  |TAMS 0x0000000086c00000| PB 0x0000000086c00000| Untracked |  0
|  35|0x0000000086d00000, 0x0000000086d00000, 0x0000000086e00000|  0%| F|  |TAMS 0x0000000086d00000| PB 0x0000000086d00000| Untracked |  0
|  36|0x0000000086e00000, 0x0000000086e00000, 0x0000000086f00000|  0%| F|  |TAMS 0x0000000086e00000| PB 0x0000000086e00000| Untracked |  0
|  37|0x0000000086f00000, 0x0000000086f00000, 0x0000000087000000|  0%| F|  |TAMS 0x0000000086f00000| PB 0x0000000086f00000| Untracked |  0
|  38|0x0000000087000000, 0x0000000087000000, 0x0000000087100000|  0%| F|  |TAMS 0x0000000087000000| PB 0x0000000087000000| Untracked |  0
|  39|0x0000000087100000, 0x0000000087100000, 0x0000000087200000|  0%| F|  |TAMS 0x0000000087100000| PB 0x0000000087100000| Untracked |  0
|  40|0x0000000087200000, 0x0000000087200000, 0x0000000087300000|  0%| F|  |TAMS 0x0000000087200000| PB 0x0000000087200000| Untracked |  0
|  41|0x0000000087300000, 0x0000000087300000, 0x0000000087400000|  0%| F|  |TAMS 0x0000000087300000| PB 0x0000000087300000| Untracked |  0
|  42|0x0000000087400000, 0x0000000087400000, 0x0000000087500000|  0%| F|  |TAMS 0x0000000087400000| PB 0x0000000087400000| Untracked |  0
|  43|0x0000000087500000, 0x0000000087500000, 0x0000000087600000|  0%| F|  |TAMS 0x0000000087500000| PB 0x0000000087500000| Untracked |  0
|  44|0x0000000087600000, 0x0000000087600000, 0x0000000087700000|  0%| F|  |TAMS 0x0000000087600000| PB 0x0000000087600000| Untracked |  0
|  45|0x0000000087700000, 0x0000000087700000, 0x0000000087800000|  0%| F|  |TAMS 0x0000000087700000| PB 0x0000000087700000| Untracked |  0
|  46|0x0000000087800000, 0x0000000087800000, 0x0000000087900000|  0%| F|  |TAMS 0x0000000087800000| PB 0x0000000087800000| Untracked |  0
|  47|0x0000000087900000, 0x0000000087900000, 0x0000000087a00000|  0%| F|  |TAMS 0x0000000087900000| PB 0x0000000087900000| Untracked |  0
|  48|0x0000000087a00000, 0x0000000087a00000, 0x0000000087b00000|  0%| F|  |TAMS 0x0000000087a00000| PB 0x0000000087a00000| Untracked |  0
|  49|0x0000000087b00000, 0x0000000087b00000, 0x0000000087c00000|  0%| F|  |TAMS 0x0000000087b00000| PB 0x0000000087b00000| Untracked |  0
|  50|0x0000000087c00000, 0x0000000087c00000, 0x0000000087d00000|  0%| F|  |TAMS 0x0000000087c00000| PB 0x0000000087c00000| Untracked |  0
|  51|0x0000000087d00000, 0x0000000087d00000, 0x0000000087e00000|  0%| F|  |TAMS 0x0000000087d00000| PB 0x0000000087d00000| Untracked |  0
|  52|0x0000000087e00000, 0x0000000087e00000, 0x0000000087f00000|  0%| F|  |TAMS 0x0000000087e00000| PB 0x0000000087e00000| Untracked |  0
|  53|0x0000000087f00000, 0x0000000087f00000, 0x0000000088000000|  0%| F|  |TAMS 0x0000000087f00000| PB 0x0000000087f00000| Untracked |  0
|  54|0x0000000088000000, 0x0000000088000000, 0x0000000088100000|  0%| F|  |TAMS 0x0000000088000000| PB 0x0000000088000000| Untracked |  0
|  55|0x0000000088100000, 0x0000000088100000, 0x0000000088200000|  0%| F|  |TAMS 0x0000000088100000| PB 0x0000000088100000| Untracked |  0
|  56|0x0000000088200000, 0x0000000088200000, 0x0000000088300000|  0%| F|  |TAMS 0x0000000088200000| PB 0x0000000088200000| Untracked |  0
|  57|0x0000000088300000, 0x0000000088300000, 0x0000000088400000|  0%| F|  |TAMS 0x0000000088300000| PB 0x0000000088300000| Untracked |  0
|  58|0x0000000088400000, 0x0000000088400000, 0x0000000088500000|  0%| F|  |TAMS 0x0000000088400000| PB 0x0000000088400000| Untracked |  0
|  59|0x0000000088500000, 0x0000000088500000, 0x0000000088600000|  0%| F|  |TAMS 0x0000000088500000| PB 0x0000000088500000| Untracked |  0
|  60|0x0000000088600000, 0x0000000088600000, 0x0000000088700000|  0%| F|  |TAMS 0x0000000088600000| PB 0x0000000088600000| Untracked |  0
|  61|0x0000000088700000, 0x0000000088700000, 0x0000000088800000|  0%| F|  |TAMS 0x0000000088700000| PB 0x0000000088700000| Untracked |  0
|  62|0x0000000088800000, 0x0000000088800000, 0x0000000088900000|  0%| F|  |TAMS 0x0000000088800000| PB 0x0000000088800000| Untracked |  0
|  63|0x0000000088900000, 0x0000000088900000, 0x0000000088a00000|  0%| F|  |TAMS 0x0000000088900000| PB 0x0000000088900000| Untracked |  0
|  64|0x0000000088a00000, 0x0000000088a00000, 0x0000000088b00000|  0%| F|  |TAMS 0x0000000088a00000| PB 0x0000000088a00000| Untracked |  0
|  65|0x0000000088b00000, 0x0000000088b00000, 0x0000000088c00000|  0%| F|  |TAMS 0x0000000088b00000| PB 0x0000000088b00000| Untracked |  0
|  66|0x0000000088c00000, 0x0000000088c00000, 0x0000000088d00000|  0%| F|  |TAMS 0x0000000088c00000| PB 0x0000000088c00000| Untracked |  0
|  67|0x0000000088d00000, 0x0000000088d00000, 0x0000000088e00000|  0%| F|  |TAMS 0x0000000088d00000| PB 0x0000000088d00000| Untracked |  0
|  68|0x0000000088e00000, 0x0000000088e00000, 0x0000000088f00000|  0%| F|  |TAMS 0x0000000088e00000| PB 0x0000000088e00000| Untracked |  0
|  69|0x0000000088f00000, 0x0000000088f00000, 0x0000000089000000|  0%| F|  |TAMS 0x0000000088f00000| PB 0x0000000088f00000| Untracked |  0
|  70|0x0000000089000000, 0x0000000089000000, 0x0000000089100000|  0%| F|  |TAMS 0x0000000089000000| PB 0x0000000089000000| Untracked |  0
|  71|0x0000000089100000, 0x0000000089100000, 0x0000000089200000|  0%| F|  |TAMS 0x0000000089100000| PB 0x0000000089100000| Untracked |  0
|  72|0x0000000089200000, 0x0000000089200000, 0x0000000089300000|  0%| F|  |TAMS 0x0000000089200000| PB 0x0000000089200000| Untracked |  0
|  73|0x0000000089300000, 0x0000000089300000, 0x0000000089400000|  0%| F|  |TAMS 0x0000000089300000| PB 0x0000000089300000| Untracked |  0
|  74|0x0000000089400000, 0x0000000089400000, 0x0000000089500000|  0%| F|  |TAMS 0x0000000089400000| PB 0x0000000089400000| Untracked |  0
|  75|0x0000000089500000, 0x0000000089500000, 0x0000000089600000|  0%| F|  |TAMS 0x0000000089500000| PB 0x0000000089500000| Untracked |  0
|  76|0x0000000089600000, 0x0000000089600000, 0x0000000089700000|  0%| F|  |TAMS 0x0000000089600000| PB 0x0000000089600000| Untracked |  0
|  77|0x0000000089700000, 0x0000000089700000, 0x0000000089800000|  0%| F|  |TAMS 0x0000000089700000| PB 0x0000000089700000| Untracked |  0
|  78|0x0000000089800000, 0x0000000089800000, 0x0000000089900000|  0%| F|  |TAMS 0x0000000089800000| PB 0x0000000089800000| Untracked |  0
|  79|0x0000000089900000, 0x0000000089900000, 0x0000000089a00000|  0%| F|  |TAMS 0x0000000089900000| PB 0x0000000089900000| Untracked |  0
|  80|0x0000000089a00000, 0x0000000089a00000, 0x0000000089b00000|  0%| F|  |TAMS 0x0000000089a00000| PB 0x0000000089a00000| Untracked |  0
|  81|0x0000000089b00000, 0x0000000089b00000, 0x0000000089c00000|  0%| F|  |TAMS 0x0000000089b00000| PB 0x0000000089b00000| Untracked |  0
|  82|0x0000000089c00000, 0x0000000089c00000, 0x0000000089d00000|  0%| F|  |TAMS 0x0000000089c00000| PB 0x0000000089c00000| Untracked |  0
|  83|0x0000000089d00000, 0x0000000089d00000, 0x0000000089e00000|  0%| F|  |TAMS 0x0000000089d00000| PB 0x0000000089d00000| Untracked |  0
|  84|0x0000000089e00000, 0x0000000089e00000, 0x0000000089f00000|  0%| F|  |TAMS 0x0000000089e00000| PB 0x0000000089e00000| Untracked |  0
|  85|0x0000000089f00000, 0x0000000089f00000, 0x000000008a000000|  0%| F|  |TAMS 0x0000000089f00000| PB 0x0000000089f00000| Untracked |  0
|  86|0x000000008a000000, 0x000000008a000000, 0x000000008a100000|  0%| F|  |TAMS 0x000000008a000000| PB 0x000000008a000000| Untracked |  0
|  87|0x000000008a100000, 0x000000008a100000, 0x000000008a200000|  0%| F|  |TAMS 0x000000008a100000| PB 0x000000008a100000| Untracked |  0
|  88|0x000000008a200000, 0x000000008a200000, 0x000000008a300000|  0%| F|  |TAMS 0x000000008a200000| PB 0x000000008a200000| Untracked |  0
|  89|0x000000008a300000, 0x000000008a300000, 0x000000008a400000|  0%| F|  |TAMS 0x000000008a300000| PB 0x000000008a300000| Untracked |  0
|  90|0x000000008a400000, 0x000000008a400000, 0x000000008a500000|  0%| F|  |TAMS 0x000000008a400000| PB 0x000000008a400000| Untracked |  0
|  91|0x000000008a500000, 0x000000008a500000, 0x000000008a600000|  0%| F|  |TAMS 0x000000008a500000| PB 0x000000008a500000| Untracked |  0
|  92|0x000000008a600000, 0x000000008a600000, 0x000000008a700000|  0%| F|  |TAMS 0x000000008a600000| PB 0x000000008a600000| Untracked |  0
|  93|0x000000008a700000, 0x000000008a700000, 0x000000008a800000|  0%| F|  |TAMS 0x000000008a700000| PB 0x000000008a700000| Untracked |  0
|  94|0x000000008a800000, 0x000000008a800000, 0x000000008a900000|  0%| F|  |TAMS 0x000000008a800000| PB 0x000000008a800000| Untracked |  0
|  95|0x000000008a900000, 0x000000008a900000, 0x000000008aa00000|  0%| F|  |TAMS 0x000000008a900000| PB 0x000000008a900000| Untracked |  0
|  96|0x000000008aa00000, 0x000000008aa00000, 0x000000008ab00000|  0%| F|  |TAMS 0x000000008aa00000| PB 0x000000008aa00000| Untracked |  0
|  97|0x000000008ab00000, 0x000000008ab00000, 0x000000008ac00000|  0%| F|  |TAMS 0x000000008ab00000| PB 0x000000008ab00000| Untracked |  0
|  98|0x000000008ac00000, 0x000000008ac00000, 0x000000008ad00000|  0%| F|  |TAMS 0x000000008ac00000| PB 0x000000008ac00000| Untracked |  0
|  99|0x000000008ad00000, 0x000000008ad00000, 0x000000008ae00000|  0%| F|  |TAMS 0x000000008ad00000| PB 0x000000008ad00000| Untracked |  0
| 100|0x000000008ae00000, 0x000000008ae00000, 0x000000008af00000|  0%| F|  |TAMS 0x000000008ae00000| PB 0x000000008ae00000| Untracked |  0
| 101|0x000000008af00000, 0x000000008af00000, 0x000000008b000000|  0%| F|  |TAMS 0x000000008af00000| PB 0x000000008af00000| Untracked |  0
| 102|0x000000008b000000, 0x000000008b000000, 0x000000008b100000|  0%| F|  |TAMS 0x000000008b000000| PB 0x000000008b000000| Untracked |  0
| 103|0x000000008b100000, 0x000000008b100000, 0x000000008b200000|  0%| F|  |TAMS 0x000000008b100000| PB 0x000000008b100000| Untracked |  0
| 104|0x000000008b200000, 0x000000008b200000, 0x000000008b300000|  0%| F|  |TAMS 0x000000008b200000| PB 0x000000008b200000| Untracked |  0
| 105|0x000000008b300000, 0x000000008b300000, 0x000000008b400000|  0%| F|  |TAMS 0x000000008b300000| PB 0x000000008b300000| Untracked |  0
| 106|0x000000008b400000, 0x000000008b400000, 0x000000008b500000|  0%| F|  |TAMS 0x000000008b400000| PB 0x000000008b400000| Untracked |  0
| 107|0x000000008b500000, 0x000000008b500000, 0x000000008b600000|  0%| F|  |TAMS 0x000000008b500000| PB 0x000000008b500000| Untracked |  0
| 108|0x000000008b600000, 0x000000008b600000, 0x000000008b700000|  0%| F|  |TAMS 0x000000008b600000| PB 0x000000008b600000| Untracked |  0
| 109|0x000000008b700000, 0x000000008b700000, 0x000000008b800000|  0%| F|  |TAMS 0x000000008b700000| PB 0x000000008b700000| Untracked |  0
| 110|0x000000008b800000, 0x000000008b800000, 0x000000008b900000|  0%| F|  |TAMS 0x000000008b800000| PB 0x000000008b800000| Untracked |  0
| 111|0x000000008b900000, 0x000000008b900000, 0x000000008ba00000|  0%| F|  |TAMS 0x000000008b900000| PB 0x000000008b900000| Untracked |  0
| 112|0x000000008ba00000, 0x000000008ba00000, 0x000000008bb00000|  0%| F|  |TAMS 0x000000008ba00000| PB 0x000000008ba00000| Untracked |  0
| 113|0x000000008bb00000, 0x000000008bb00000, 0x000000008bc00000|  0%| F|  |TAMS 0x000000008bb00000| PB 0x000000008bb00000| Untracked |  0
| 114|0x000000008bc00000, 0x000000008bd00000, 0x000000008bd00000|100%| E|  |TAMS 0x000000008bc00000| PB 0x000000008bc00000| Complete |  0
| 115|0x000000008bd00000, 0x000000008be00000, 0x000000008be00000|100%| E|CS|TAMS 0x000000008bd00000| PB 0x000000008bd00000| Complete |  0
| 116|0x000000008be00000, 0x000000008bf00000, 0x000000008bf00000|100%| E|CS|TAMS 0x000000008be00000| PB 0x000000008be00000| Complete |  0
| 117|0x000000008bf00000, 0x000000008c000000, 0x000000008c000000|100%| E|CS|TAMS 0x000000008bf00000| PB 0x000000008bf00000| Complete |  0
| 118|0x000000008c000000, 0x000000008c100000, 0x000000008c100000|100%| E|CS|TAMS 0x000000008c000000| PB 0x000000008c000000| Complete |  0
| 119|0x000000008c100000, 0x000000008c200000, 0x000000008c200000|100%| E|CS|TAMS 0x000000008c100000| PB 0x000000008c100000| Complete |  0
| 120|0x000000008c200000, 0x000000008c300000, 0x000000008c300000|100%| E|CS|TAMS 0x000000008c200000| PB 0x000000008c200000| Complete |  0
| 121|0x000000008c300000, 0x000000008c400000, 0x000000008c400000|100%| E|CS|TAMS 0x000000008c300000| PB 0x000000008c300000| Complete |  0
| 122|0x000000008c400000, 0x000000008c500000, 0x000000008c500000|100%| E|CS|TAMS 0x000000008c400000| PB 0x000000008c400000| Complete |  0
| 123|0x000000008c500000, 0x000000008c600000, 0x000000008c600000|100%| E|CS|TAMS 0x000000008c500000| PB 0x000000008c500000| Complete |  0
|1972|0x00000000ffe00000, 0x00000000fff00000, 0x00000000fff00000|100%| O|  |TAMS 0x00000000ffe00000| PB 0x00000000ffe00000| Untracked |  0
|1973|0x00000000fff00000, 0x00000000fff1c330, 0x0000000100000000| 11%| O|  |TAMS 0x00000000fff00000| PB 0x00000000fff00000| Untracked |  0

Card table byte_map: [0x00000265f4c40000,0x00000265f5020000] _byte_map_base: 0x00000265f481b000

Marking Bits: (CMBitMap*) 0x00000265eabffac0
 Bits: [0x00000265f5020000, 0x00000265f6ef8000)

Polling page: 0x00000265e9020000

Metaspace:

Usage:
  Non-class:      3.91 MB used.
      Class:    321.12 KB used.
       Both:      4.22 MB used.

Virtual space:
  Non-class space:       64.00 MB reserved,       3.94 MB (  6%) committed,  1 nodes.
      Class space:        1.00 GB reserved,     448.00 KB ( <1%) committed,  1 nodes.
             Both:        1.06 GB reserved,       4.38 MB ( <1%) committed. 

Chunk freelists:
   Non-Class:  11.44 MB
       Class:  15.54 MB
        Both:  26.98 MB

MaxMetaspaceSize: unlimited
CompressedClassSpaceSize: 1.00 GB
Initial GC threshold: 21.00 MB
Current GC threshold: 21.00 MB
CDS: on
 - commit_granule_bytes: 65536.
 - commit_granule_words: 8192.
 - virtual_space_node_default_size: 8388608.
 - enlarge_chunks_in_place: 1.
UseCompressedClassPointers 1, UseCompactObjectHeaders 0
Narrow klass pointer bits 32, Max shift 3
Narrow klass base: 0x000002658f000000, Narrow klass shift: 0
Encoding Range: [0x000002658f000000 - 0x000002668f000000), (4294967296 bytes)
Klass Range:    [0x000002658f000000 - 0x00000265d0000000), (1090519040 bytes)
Klass ID Range:  [8 - 1090519033) (1090519025)


Internal statistics:

num_allocs_failed_limit: 0.
num_arena_births: 82.
num_arena_deaths: 0.
num_vsnodes_births: 2.
num_vsnodes_deaths: 0.
num_space_committed: 70.
num_space_uncommitted: 0.
num_chunks_returned_to_freelist: 0.
num_chunks_taken_from_freelist: 129.
num_chunk_merges: 0.
num_chunk_splits: 78.
num_chunks_enlarged: 43.
num_inconsistent_stats: 0.

CodeHeap 'non-profiled nmethods': size=120064Kb used=181Kb max_used=181Kb free=119882Kb
 bounds [0x0000026587ac0000, 0x0000026587d30000, 0x000002658f000000]
CodeHeap 'profiled nmethods': size=120000Kb used=727Kb max_used=727Kb free=119273Kb
 bounds [0x0000026580000000, 0x0000026580270000, 0x0000026587530000]
CodeHeap 'non-nmethods': size=5696Kb used=1457Kb max_used=1463Kb free=4238Kb
 bounds [0x0000026587530000, 0x00000265877a0000, 0x0000026587ac0000]
CodeCache: size=245760Kb, used=2365Kb, max_used=2371Kb, free=243393Kb
 total_blobs=1056, nmethods=599, adapters=363, full_count=0
Compilation: enabled, stopped_count=0, restarted_count=0

Compilation events (20 events):
Event: 2.111 Thread 0x00000265f996bbe0  591       3       jdk.internal.util.StrongReferenceKey::equals (28 bytes)
Event: 2.111 Thread 0x00000265f996bbe0 nmethod 591 0x00000265800b1608 code [0x00000265800b1760, 0x00000265800b1dc0]
Event: 2.111 Thread 0x00000265f996bbe0  592       3       java.lang.invoke.MemberName::getMethodOrFieldType (72 bytes)
Event: 2.112 Thread 0x00000265f996bbe0 nmethod 592 0x00000265800b1e08 code [0x00000265800b20e0, 0x00000265800b3598]
Event: 2.112 Thread 0x00000265f996bbe0  593       3       jdk.internal.classfile.impl.BufWriterImpl::writeU2U2U2 (89 bytes)
Event: 2.112 Thread 0x00000265f996bbe0 nmethod 593 0x00000265800b3688 code [0x00000265800b37c0, 0x00000265800b3b50]
Event: 2.112 Thread 0x00000265f996bbe0  594       3       jdk.internal.ref.CleanerImpl::getCleanerImpl (13 bytes)
Event: 2.112 Thread 0x00000265f996bbe0 nmethod 594 0x00000265800b3b88 code [0x00000265800b3ca0, 0x00000265800b3f40]
Event: 2.112 Thread 0x00000265f996bbe0  595       3       java.util.ArrayList::elementData (7 bytes)
Event: 2.112 Thread 0x00000265f996bbe0 nmethod 595 0x00000265800b3f88 code [0x00000265800b40a0, 0x00000265800b41d8]
Event: 2.115 Thread 0x00000265f996bbe0  597       3       java.util.concurrent.ConcurrentHashMap$BaseIterator::hasNext (13 bytes)
Event: 2.115 Thread 0x00000265f996bbe0 nmethod 597 0x00000265800b4288 code [0x00000265800b43a0, 0x00000265800b44f8]
Event: 2.115 Thread 0x00000265f996bbe0  598       3       java.util.concurrent.ConcurrentHashMap$ValueIterator::next (34 bytes)
Event: 2.115 Thread 0x00000265f996bbe0 nmethod 598 0x00000265800b4588 code [0x00000265800b46c0, 0x00000265800b49b8]
Event: 2.115 Thread 0x00000265f996bbe0  599       3       java.lang.ref.SoftReference::get (29 bytes)
Event: 2.115 Thread 0x00000265f996bbe0 nmethod 599 0x00000265800b4a08 code [0x00000265800b4b20, 0x00000265800b4cd8]
Event: 2.115 Thread 0x00000265f996bbe0  600       3       java.util.zip.ZipCoder::hash (36 bytes)
Event: 2.116 Thread 0x00000265f996bbe0 nmethod 600 0x00000265800b4d08 code [0x00000265800b4ea0, 0x00000265800b5830]
Event: 2.116 Thread 0x00000265f996bbe0  601       3       java.util.zip.ZipFile$Source::getEntryNext (9 bytes)
Event: 2.116 Thread 0x00000265f996bbe0 nmethod 601 0x00000265800b5908 code [0x00000265800b5a20, 0x00000265800b5b58]

GC Heap History (0 events):
No events

Dll operation events (9 events):
Event: 0.167 Loaded shared library C:\Users\Dharmawan\.jdks\openjdk-24.0.2+12-54\bin\java.dll
Event: 0.168 Loaded shared library C:\Users\Dharmawan\.jdks\openjdk-24.0.2+12-54\bin\zip.dll
Event: 0.195 Loaded shared library C:\Users\Dharmawan\.jdks\openjdk-24.0.2+12-54\bin\jsvml.dll
Event: 1.719 Loaded shared library C:\Users\Dharmawan\.jdks\openjdk-24.0.2+12-54\bin\instrument.dll
Event: 1.903 Loaded shared library C:\Users\Dharmawan\.jdks\openjdk-24.0.2+12-54\bin\net.dll
Event: 1.905 Loaded shared library C:\Users\Dharmawan\.jdks\openjdk-24.0.2+12-54\bin\nio.dll
Event: 1.930 Loaded shared library C:\Users\Dharmawan\.jdks\openjdk-24.0.2+12-54\bin\zip.dll
Event: 2.013 Loaded shared library C:\Users\Dharmawan\.jdks\openjdk-24.0.2+12-54\bin\jimage.dll
Event: 2.059 Loaded shared library C:\Users\Dharmawan\AppData\Local\Temp\lwjglDharmawan\3.3.1-build-7\lwjgl.dll

Deoptimization events (4 events):
Event: 1.778 Thread 0x00000265eab99d20 Uncommon trap: trap_request=0xffffff4d fr.pc=0x0000026587ac94d0 relative=0x00000000000000b0
Event: 1.778 Thread 0x00000265eab99d20 Uncommon trap: reason=unstable_if action=reinterpret pc=0x0000026587ac94d0 method=java.lang.String.hashCode()I @ 42 c2
Event: 1.778 Thread 0x00000265eab99d20 DEOPT PACKING pc=0x0000026587ac94d0 sp=0x000000d8e44fccb0
Event: 1.778 Thread 0x00000265eab99d20 DEOPT UNPACKING pc=0x0000026587667a82 sp=0x000000d8e44fcc48 mode 2

Classes loaded (20 events):
Event: 2.109 Loading class java/nio/InvalidMarkException
Event: 2.109 Loading class java/nio/InvalidMarkException done
Event: 2.109 Loading class java/nio/BufferUnderflowException
Event: 2.109 Loading class java/nio/BufferUnderflowException done
Event: 2.109 Loading class org/lwjgl/system/MemoryStack
Event: 2.109 Loading class org/lwjgl/system/MemoryStack done
Event: 2.110 Loading class org/lwjgl/system/MemoryStack$DebugMemoryStack
Event: 2.110 Loading class org/lwjgl/system/MemoryStack$DebugMemoryStack done
Event: 2.111 Loading class org/lwjgl/system/MemoryStack
Event: 2.111 Loading class org/lwjgl/system/MemoryStack done
Event: 2.111 Loading class org/lwjgl/system/MemoryStack
Event: 2.111 Loading class org/lwjgl/system/MemoryStack done
Event: 2.112 Loading class org/lwjgl/BufferUtils
Event: 2.112 Loading class org/lwjgl/BufferUtils done
Event: 2.112 Loading class org/lwjgl/system/windows/WinBase
Event: 2.112 Loading class org/lwjgl/system/windows/WinBase done
Event: 2.113 Loading class org/lwjgl/system/ThreadLocalUtil
Event: 2.113 Loading class org/lwjgl/system/ThreadLocalUtil done
Event: 2.115 Loading class org/lwjgl/glfw/GLFW$Functions
Event: 2.115 Loading class org/lwjgl/glfw/GLFW$Functions done

Classes unloaded (0 events):
No events

Classes redefined (1 events):
Event: 1.800 Thread 0x00000265f9941b60 redefined class name=java.lang.Throwable, count=1

Internal exceptions (20 events):
Event: 1.723 Thread 0x00000265eab99d20 Exception <a 'java/lang/NoSuchMethodError'{0x000000008c3b4ce8}: 'void java.lang.invoke.DirectMethodHandle$Holder.invokeStatic(java.lang.Object, java.lang.Object, java.lang.Object)'> (0x000000008c3b4ce8) 
thrown [s\open\src\hotspot\share\interpreter\linkResolver.cpp, line 805]
Event: 1.732 Thread 0x00000265eab99d20 Exception <a 'java/lang/NoSuchMethodError'{0x000000008c3e98a8}: 'java.lang.Object java.lang.invoke.Invokers$Holder.invokeExact_MT(java.lang.Object, java.lang.Object, java.lang.Object, java.lang.Object, java.lang.Object)'> (0x000000008c3e98a8) 
thrown [s\open\src\hotspot\share\interpreter\linkResolver.cpp, line 805]
Event: 1.981 Thread 0x00000265eab99d20 Exception <a 'java/lang/NoSuchMethodError'{0x000000008bfae8c8}: 'void java.lang.invoke.DirectMethodHandle$Holder.invokeStatic(java.lang.Object, java.lang.Object)'> (0x000000008bfae8c8) 
thrown [s\open\src\hotspot\share\interpreter\linkResolver.cpp, line 805]
Event: 1.985 Thread 0x00000265eab99d20 Exception <a 'java/lang/NoSuchMethodError'{0x000000008bfdeb30}: 'void java.lang.System.load(java.lang.String, java.lang.Class)'> (0x000000008bfdeb30) 
thrown [s\open\src\hotspot\share\interpreter\linkResolver.cpp, line 805]
Event: 1.985 Thread 0x00000265eab99d20 Exception <a 'java/lang/NoSuchMethodError'{0x000000008bfdf670}: 'void java.lang.invoke.DirectMethodHandle$Holder.invokeSpecial(java.lang.Object, java.lang.Object, java.lang.Object)'> (0x000000008bfdf670) 
thrown [s\open\src\hotspot\share\interpreter\linkResolver.cpp, line 805]
Event: 1.989 Thread 0x00000265eab99d20 Exception <a 'java/lang/NoSuchMethodError'{0x000000008be02e20}: 'java.lang.Object java.lang.invoke.DirectMethodHandle$Holder.invokeStatic(java.lang.Object, java.lang.Object, int)'> (0x000000008be02e20) 
thrown [s\open\src\hotspot\share\interpreter\linkResolver.cpp, line 805]
Event: 1.991 Thread 0x00000265eab99d20 Exception <a 'java/lang/NoSuchMethodError'{0x000000008be1c0c8}: 'void java.lang.invoke.DelegatingMethodHandle$Holder.delegate(java.lang.Object, java.lang.Object, int, java.lang.Object)'> (0x000000008be1c0c8) 
thrown [s\open\src\hotspot\share\interpreter\linkResolver.cpp, line 805]
Event: 1.991 Thread 0x00000265eab99d20 Exception <a 'java/lang/NoSuchMethodError'{0x000000008be24938}: 'int java.lang.invoke.DirectMethodHandle$Holder.invokeSpecial(java.lang.Object, java.lang.Object, java.lang.Object)'> (0x000000008be24938) 
thrown [s\open\src\hotspot\share\interpreter\linkResolver.cpp, line 805]
Event: 1.999 Thread 0x00000265eab99d20 Exception <a 'java/lang/NoSuchMethodError'{0x000000008be6afe8}: 'void java.lang.System.loadLibrary(java.lang.String, java.lang.Class)'> (0x000000008be6afe8) 
thrown [s\open\src\hotspot\share\interpreter\linkResolver.cpp, line 805]
Event: 2.037 Thread 0x00000265eab99d20 Exception <a 'java/lang/NoSuchMethodError'{0x000000008bd23520}: 'java.lang.Object java.lang.invoke.DirectMethodHandle$Holder.invokeStaticInit(java.lang.Object)'> (0x000000008bd23520) 
thrown [s\open\src\hotspot\share\interpreter\linkResolver.cpp, line 805]
Event: 2.049 Thread 0x00000265eab99d20 Exception <a 'sun/nio/fs/WindowsException'{0x000000008bd488b8}> (0x000000008bd488b8) 
thrown [s\open\src\hotspot\share\prims\jni.cpp, line 518]
Event: 2.049 Thread 0x00000265eab99d20 Exception <a 'sun/nio/fs/WindowsException'{0x000000008bd49f68}> (0x000000008bd49f68) 
thrown [s\open\src\hotspot\share\prims\jni.cpp, line 518]
Event: 2.067 Thread 0x00000265eab99d20 Exception <a 'sun/nio/fs/WindowsException'{0x000000008bd79368}> (0x000000008bd79368) 
thrown [s\open\src\hotspot\share\prims\jni.cpp, line 518]
Event: 2.067 Thread 0x00000265eab99d20 Exception <a 'sun/nio/fs/WindowsException'{0x000000008bd79718}> (0x000000008bd79718) 
thrown [s\open\src\hotspot\share\prims\jni.cpp, line 518]
Event: 2.082 Thread 0x00000265eab99d20 Exception <a 'java/lang/NoSuchMethodError'{0x000000008bdf42a8}: 'int java.lang.invoke.DirectMethodHandle$Holder.invokeStaticInit(java.lang.Object, java.lang.Object, int, long)'> (0x000000008bdf42a8) 
thrown [s\open\src\hotspot\share\interpreter\linkResolver.cpp, line 805]
Event: 2.083 Thread 0x00000265eab99d20 Exception <a 'java/lang/NoSuchMethodError'{0x000000008bdff380}: 'java.lang.Object java.lang.invoke.DirectMethodHandle$Holder.newInvokeSpecial(java.lang.Object, java.lang.Object, int)'> (0x000000008bdff380) 
thrown [s\open\src\hotspot\share\interpreter\linkResolver.cpp, line 805]
Event: 2.102 Thread 0x00000265eab99d20 Exception <a 'java/lang/NoSuchMethodError'{0x000000008bc82460}: 'int java.lang.invoke.DirectMethodHandle$Holder.invokeStaticInit(java.lang.Object, java.lang.Object, long, long)'> (0x000000008bc82460) 
thrown [s\open\src\hotspot\share\interpreter\linkResolver.cpp, line 805]
Event: 2.103 Thread 0x00000265eab99d20 Exception <a 'java/lang/NoSuchMethodError'{0x000000008bc91ec0}: 'java.lang.Object java.lang.invoke.DirectMethodHandle$Holder.newInvokeSpecial(java.lang.Object, java.lang.Object, long)'> (0x000000008bc91ec0) 
thrown [s\open\src\hotspot\share\interpreter\linkResolver.cpp, line 805]
Event: 2.104 Thread 0x00000265eab99d20 Exception <a 'java/lang/NoSuchMethodError'{0x000000008bc9a950}: 'java.lang.Object java.lang.invoke.Invokers$Holder.linkToTargetMethod(java.lang.Object, long, java.lang.Object)'> (0x000000008bc9a950) 
thrown [s\open\src\hotspot\share\interpreter\linkResolver.cpp, line 805]
Event: 2.106 Thread 0x00000265eab99d20 Exception <a 'java/lang/NoSuchMethodError'{0x000000008bcaaf58}: 'int java.lang.invoke.DirectMethodHandle$Holder.invokeStaticInit(java.lang.Object, java.lang.Object, java.lang.Object, long)'> (0x000000008bcaaf58) 
thrown [s\open\src\hotspot\share\interpreter\linkResolver.cpp, line 805]

VM Operations (8 events):
Event: 1.714 Executing VM operation: ChangeBreakpoints
Event: 1.714 Executing VM operation: ChangeBreakpoints done
Event: 1.717 Executing VM operation: ChangeBreakpoints
Event: 1.717 Executing VM operation: ChangeBreakpoints done
Event: 1.799 Executing VM operation: RedefineClasses
Event: 1.801 Executing VM operation: RedefineClasses done
Event: 1.841 Executing VM operation: get/set locals
Event: 1.841 Executing VM operation: get/set locals done

Memory protections (0 events):
No events

Nmethod flushes (0 events):
No events

Events (15 events):
Event: 0.182 Thread 0x00000265eab99d20 Thread added: 0x00000265eab99d20
Event: 0.192 Thread 0x00000265eab99d20 Thread added: 0x00000265f99557d0
Event: 0.192 Thread 0x00000265eab99d20 Thread added: 0x00000265f9955f10
Event: 0.192 Thread 0x00000265eab99d20 Thread added: 0x00000265f9956a40
Event: 0.192 Thread 0x00000265eab99d20 Thread added: 0x00000265f9959820
Event: 0.192 Thread 0x00000265eab99d20 Thread added: 0x00000265f995c430
Event: 0.192 Thread 0x00000265eab99d20 Thread added: 0x00000265f9957a90
Event: 0.193 Thread 0x00000265eab99d20 Thread added: 0x00000265f9965f80
Event: 0.193 Thread 0x00000265eab99d20 Thread added: 0x00000265f996bbe0
Event: 0.243 Thread 0x00000265eab99d20 Thread added: 0x00000265f9bb6590
Event: 0.243 Thread 0x00000265eab99d20 Thread added: 0x00000265f9bc4730
Event: 0.245 Thread 0x00000265f9bb6590 Thread added: 0x00000265f9bd76c0
Event: 1.753 Thread 0x00000265eab99d20 Thread added: 0x00000265d4095760
Event: 1.852 Thread 0x00000265eab99d20 Thread added: 0x00000265d41086c0
Event: 1.864 Thread 0x00000265eab99d20 Thread added: 0x00000265d41f92f0


Dynamic libraries:
0x00007ff6c3450000 - 0x00007ff6c345e000 	C:\Users\Dharmawan\.jdks\openjdk-24.0.2+12-54\bin\java.exe
0x00007ffe6a180000 - 0x00007ffe6a3e9000 	C:\WINDOWS\SYSTEM32\ntdll.dll
0x00007ffe69b00000 - 0x00007ffe69bc9000 	C:\WINDOWS\System32\KERNEL32.DLL
0x00007ffe678b0000 - 0x00007ffe67ca3000 	C:\WINDOWS\System32\KERNELBASE.dll
0x00007ffe673b0000 - 0x00007ffe674fb000 	C:\WINDOWS\System32\ucrtbase.dll
0x00007ffe510d0000 - 0x00007ffe510e6000 	C:\Users\Dharmawan\.jdks\openjdk-24.0.2+12-54\bin\jli.dll
0x00007ffe69cc0000 - 0x00007ffe69e84000 	C:\WINDOWS\System32\USER32.dll
0x00007ffe67730000 - 0x00007ffe67757000 	C:\WINDOWS\System32\win32u.dll
0x00007ffe69bd0000 - 0x00007ffe69bfb000 	C:\WINDOWS\System32\GDI32.dll
0x00007ffe67e20000 - 0x00007ffe67f4d000 	C:\WINDOWS\System32\gdi32full.dll
0x00007ffe67680000 - 0x00007ffe67723000 	C:\WINDOWS\System32\msvcp_win.dll
0x00007ffe4ce70000 - 0x00007ffe4ce8b000 	C:\Users\Dharmawan\.jdks\openjdk-24.0.2+12-54\bin\VCRUNTIME140.dll
0x00007ffe498f0000 - 0x00007ffe49b83000 	C:\WINDOWS\WinSxS\amd64_microsoft.windows.common-controls_6595b64144ccf1df_6.0.26100.5074_none_3e0d6f78e32fd63f\COMCTL32.dll
0x00007ffe69a50000 - 0x00007ffe69af9000 	C:\WINDOWS\System32\msvcrt.dll
0x00007ffe68500000 - 0x00007ffe6852f000 	C:\WINDOWS\System32\IMM32.DLL
0x00007ffe3eb40000 - 0x00007ffe3ec9c000 	C:\Program Files (x86)\Citrix\ICA Client\ctxapclient64.dll
0x00007ffe68eb0000 - 0x00007ffe6922b000 	C:\WINDOWS\System32\combase.dll
0x00007ffe69310000 - 0x00007ffe69428000 	C:\WINDOWS\System32\RPCRT4.dll
0x00007ffe537a0000 - 0x00007ffe537ab000 	C:\WINDOWS\SYSTEM32\VERSION.dll
0x00007ffe67200000 - 0x00007ffe67226000 	C:\WINDOWS\SYSTEM32\bcrypt.dll
0x00007ffe69830000 - 0x00007ffe698e4000 	C:\WINDOWS\System32\ADVAPI32.dll
0x00007ffe69c10000 - 0x00007ffe69cb6000 	C:\WINDOWS\System32\sechost.dll
0x00007ffe66210000 - 0x00007ffe66246000 	C:\WINDOWS\SYSTEM32\ntmarta.dll
0x00007ffe67310000 - 0x00007ffe673a9000 	C:\WINDOWS\System32\bcryptprimitives.dll
0x00007ffe63e20000 - 0x00007ffe63e2c000 	C:\Users\Dharmawan\.jdks\openjdk-24.0.2+12-54\bin\vcruntime140_1.dll
0x00007ffe42180000 - 0x00007ffe4220e000 	C:\Users\Dharmawan\.jdks\openjdk-24.0.2+12-54\bin\msvcp140.dll
0x00007ffdc4220000 - 0x00007ffdc4fc1000 	C:\Users\Dharmawan\.jdks\openjdk-24.0.2+12-54\bin\server\jvm.dll
0x00000265ea590000 - 0x00000265ea604000 	C:\WINDOWS\System32\WS2_32.dll
0x00007ffe67170000 - 0x00007ffe671ce000 	C:\WINDOWS\SYSTEM32\POWRPROF.dll
0x00007ffe5c200000 - 0x00007ffe5c235000 	C:\WINDOWS\SYSTEM32\WINMM.dll
0x00007ffe67150000 - 0x00007ffe67164000 	C:\WINDOWS\SYSTEM32\UMPDC.dll
0x00007ffe660f0000 - 0x00007ffe6610b000 	C:\WINDOWS\SYSTEM32\kernel.appcore.dll
0x00007ffe61f00000 - 0x00007ffe61f0a000 	C:\Users\Dharmawan\.jdks\openjdk-24.0.2+12-54\bin\jimage.dll
0x00007ffe64a40000 - 0x00007ffe64c82000 	C:\WINDOWS\SYSTEM32\DBGHELP.DLL
0x00007ffe69230000 - 0x00007ffe69307000 	C:\WINDOWS\System32\OLEAUT32.dll
0x00007ffe54bf0000 - 0x00007ffe54c2d000 	C:\WINDOWS\SYSTEM32\dbgcore.DLL
0x00007ffe246f0000 - 0x00007ffe2472c000 	C:\Users\Dharmawan\.jdks\openjdk-24.0.2+12-54\bin\jdwp.dll
0x00007ffe4a180000 - 0x00007ffe4a18f000 	C:\Users\Dharmawan\.jdks\openjdk-24.0.2+12-54\bin\instrument.dll
0x00007ffe42240000 - 0x00007ffe4225e000 	C:\Users\Dharmawan\.jdks\openjdk-24.0.2+12-54\bin\java.dll
0x00007ffe69480000 - 0x00007ffe69618000 	C:\WINDOWS\System32\ole32.dll
0x00007ffe68580000 - 0x00007ffe68ccd000 	C:\WINDOWS\System32\SHELL32.dll
0x00000265ea770000 - 0x00000265ea8dc000 	C:\WINDOWS\System32\wintypes.dll
0x00007ffe086e0000 - 0x00007ffe088f1000 	C:\Users\Dharmawan\AppData\Local\Temp\idea_libasyncProfiler_dll_temp_folder2\libasyncProfiler.dll
0x00007ffe42140000 - 0x00007ffe42157000 	C:\Users\Dharmawan\.jdks\openjdk-24.0.2+12-54\bin\zip.dll
0x00007ffe64f50000 - 0x00007ffe657a9000 	C:\WINDOWS\SYSTEM32\windows.storage.dll
0x00007ffe683e0000 - 0x00007ffe684d0000 	C:\WINDOWS\System32\SHCORE.dll
0x00000265d4010000 - 0x00000265d4072000 	C:\WINDOWS\System32\shlwapi.dll
0x00007ffe67230000 - 0x00007ffe67259000 	C:\WINDOWS\SYSTEM32\profapi.dll
0x00007ffe1afa0000 - 0x00007ffe1b077000 	C:\Users\Dharmawan\.jdks\openjdk-24.0.2+12-54\bin\jsvml.dll
0x00007ffe38700000 - 0x00007ffe3870c000 	C:\Users\Dharmawan\.jdks\openjdk-24.0.2+12-54\bin\dt_socket.dll
0x00007ffe65b80000 - 0x00007ffe65bb4000 	C:\WINDOWS\SYSTEM32\IPHLPAPI.DLL
0x00007ffe66670000 - 0x00007ffe666db000 	C:\WINDOWS\system32\mswsock.dll
0x00007ffe4a170000 - 0x00007ffe4a180000 	C:\Users\Dharmawan\.jdks\openjdk-24.0.2+12-54\bin\net.dll
0x00007ffe42160000 - 0x00007ffe42176000 	C:\Users\Dharmawan\.jdks\openjdk-24.0.2+12-54\bin\nio.dll
0x00007ffe19560000 - 0x00007ffe195d5000 	C:\Users\Dharmawan\AppData\Local\Temp\lwjglDharmawan\3.3.1-build-7\lwjgl.dll
0x00007ffe1aba0000 - 0x00007ffe1ac01000 	C:\Users\DHARMA~1\AppData\Local\Temp\lwjglDharmawan\3.3.1-build-7\glfw.dll

JVMTI agents:
jdwp path:C:\Users\Dharmawan\.jdks\openjdk-24.0.2+12-54\bin\jdwp.dll, loaded, initialized, options:transport=dt_socket,address=127.0.0.1:59405,suspend=y,server=n
C:\Users\Dharmawan\AppData\Local\JetBrains\IntelliJIdea2025.2\captureAgent\debugger-agent.jar path:C:\Users\Dharmawan\.jdks\openjdk-24.0.2+12-54\bin\instrument.dll, loaded, initialized, instrumentlib options:file:///C:/Users/DHARMA~1/AppData/Local/Temp/capture17404407886175345351.props
C:\Users\Dharmawan\AppData\Local\Temp\idea_libasyncProfiler_dll_temp_folder2\libasyncProfiler.dll path:C:\Users\Dharmawan\AppData\Local\Temp\idea_libasyncProfiler_dll_temp_folder2\libasyncProfiler.dll, loaded, initialized, options:version,jfr,event=wall,interval=10ms,cstack=no,file=C:\Users\Dharmawan\IdeaSnapshots\ShadowDungeon_2025_10_14_233547.jfr,dbghelppath=C:\Users\Dharmawan\AppData\Local\Temp\idea_dbghelp_dll_temp_folder\dbghelp.dll,log=C:\Users\Dharmawan\AppData\Local\Temp\ShadowDungeon_2025_10_14_233547.jfr.log.txt,logLevel=DEBUG

dbghelp: loaded successfully - version: 4.0.5 - missing functions: none
symbol engine: initialized successfully - sym options: 0x614 - pdb path: .;C:\Users\Dharmawan\.jdks\openjdk-24.0.2+12-54\bin;C:\WINDOWS\SYSTEM32;C:\WINDOWS\WinSxS\amd64_microsoft.windows.common-controls_6595b64144ccf1df_6.0.26100.5074_none_3e0d6f78e32fd63f;C:\Program Files (x86)\Citrix\ICA Client;C:\Users\Dharmawan\.jdks\openjdk-24.0.2+12-54\bin\server;C:\Users\Dharmawan\AppData\Local\Temp\idea_libasyncProfiler_dll_temp_folder2;C:\Users\Dharmawan\AppData\Local\Temp\lwjglDharmawan\3.3.1-build-7;C:\Users\DHARMA~1\AppData\Local\Temp\lwjglDharmawan\3.3.1-build-7

VM Arguments:
jvm_args: -agentlib:jdwp=transport=dt_socket,address=127.0.0.1:59405,suspend=y,server=n -javaagent:C:\Users\Dharmawan\AppData\Local\JetBrains\IntelliJIdea2025.2\captureAgent\debugger-agent.jar=file:///C:/Users/DHARMA~1/AppData/Local/Temp/capture17404407886175345351.props -agentpath:C:\Users\Dharmawan\AppData\Local\Temp\idea_libasyncProfiler_dll_temp_folder2\libasyncProfiler.dll=version,jfr,event=wall,interval=10ms,cstack=no,file=C:\Users\Dharmawan\IdeaSnapshots\ShadowDungeon_2025_10_14_233547.jfr,dbghelppath=C:\Users\Dharmawan\AppData\Local\Temp\idea_dbghelp_dll_temp_folder\dbghelp.dll,log=C:\Users\Dharmawan\AppData\Local\Temp\ShadowDungeon_2025_10_14_233547.jfr.log.txt,logLevel=DEBUG -Dkotlinx.coroutines.debug.enable.creation.stack.trace=false -Ddebugger.agent.enable.coroutines=true -Dkotlinx.coroutines.debug.enable.flows.stack.trace=true -Dkotlinx.coroutines.debug.enable.mutable.state.flows.stack.trace=true -Dfile.encoding=UTF-8 -Dsun.stdout.encoding=UTF-8 -Dsun.stderr.encoding=UTF-8 
java_command: ShadowDungeon
java_class_path (initial): C:\Users\Dharmawan\mdharmawan-project-1\target\classes;C:\Users\Dharmawan\.m2\repository\org\lwjgl\lwjgl\3.3.1\lwjgl-3.3.1.jar;C:\Users\Dharmawan\.m2\repository\org\lwjgl\lwjgl-assimp\3.3.1\lwjgl-assimp-3.3.1.jar;C:\Users\Dharmawan\.m2\repository\org\lwjgl\lwjgl-glfw\3.3.1\lwjgl-glfw-3.3.1.jar;C:\Users\Dharmawan\.m2\repository\org\lwjgl\lwjgl-openal\3.3.1\lwjgl-openal-3.3.1.jar;C:\Users\Dharmawan\.m2\repository\org\lwjgl\lwjgl-opengl\3.3.1\lwjgl-opengl-3.3.1.jar;C:\Users\Dharmawan\.m2\repository\org\lwjgl\lwjgl-stb\3.3.1\lwjgl-stb-3.3.1.jar;C:\Users\Dharmawan\.m2\repository\org\lwjgl\lwjgl\3.3.1\lwjgl-3.3.1-natives-windows.jar;C:\Users\Dharmawan\.m2\repository\org\lwjgl\lwjgl-assimp\3.3.1\lwjgl-assimp-3.3.1-natives-windows.jar;C:\Users\Dharmawan\.m2\repository\org\lwjgl\lwjgl-glfw\3.3.1\lwjgl-glfw-3.3.1-natives-windows.jar;C:\Users\Dharmawan\.m2\repository\org\lwjgl\lwjgl-openal\3.3.1\lwjgl-openal-3.3.1-natives-windows.jar;C:\Users\Dharmawan\.m2\repository\org\lwjgl\lwjgl-opengl\3.3.1\lwjgl-opengl-3.3.1-natives-windows.jar;C:\Users\Dharmawan\.m2\repository\org\lwjgl\lwjgl-stb\3.3.1\lwjgl-stb-3.3.1-natives-windows.jar;C:\Users\Dharmawan\.m2\repository\io\github\eleanor-em\bagel\1.9.3\bagel-1.9.3.jar;C:\Program Files\JetBrains\IntelliJ IDEA 2025.2.1\lib\idea_rt.jar
Launcher Type: SUN_STANDARD

[Global flags]
     intx CICompilerCount                          = 4                                         {product} {ergonomic}
     uint ConcGCThreads                            = 2                                         {product} {ergonomic}
     uint G1ConcRefinementThreads                  = 8                                         {product} {ergonomic}
   size_t G1HeapRegionSize                         = 1048576                                   {product} {ergonomic}
   size_t InitialHeapSize                          = 130023424                                 {product} {ergonomic}
   size_t MarkStackSize                            = 4194304                                   {product} {ergonomic}
   size_t MarkStackSizeMax                         = 536870912                                 {product} {ergonomic}
   size_t MaxHeapSize                              = 2069889024                                {product} {ergonomic}
   size_t MaxNewSize                               = 1241513984                                {product} {ergonomic}
   size_t MinHeapDeltaBytes                        = 1048576                                   {product} {ergonomic}
   size_t MinHeapSize                              = 8388608                                   {product} {ergonomic}
    uintx NonNMethodCodeHeapSize                   = 5832704                                {pd product} {ergonomic}
    uintx NonProfiledCodeHeapSize                  = 122945536                              {pd product} {ergonomic}
    uintx ProfiledCodeHeapSize                     = 122880000                              {pd product} {ergonomic}
    uintx ReservedCodeCacheSize                    = 251658240                              {pd product} {ergonomic}
     bool SegmentedCodeCache                       = true                                      {product} {ergonomic}
   size_t SoftMaxHeapSize                          = 2069889024                             {manageable} {ergonomic}
     bool UseCompressedOops                        = true                           {product lp64_product} {ergonomic}
     bool UseG1GC                                  = true                                      {product} {ergonomic}
     bool UseLargePagesIndividualAllocation        = false                                  {pd product} {ergonomic}

Logging:
Log output configuration:
 #0: stdout all=warning uptime,level,tags foldmultilines=false
 #1: stderr all=off uptime,level,tags foldmultilines=false

Environment Variables:
PATH=C:\WINDOWS\system32;C:\WINDOWS;C:\WINDOWS\System32\Wbem;C:\WINDOWS\System32\WindowsPowerShell\v1.0\;C:\WINDOWS\System32\OpenSSH\;C:\Program Files\dotnet\;C:\Program Files\MATLAB\R2024b\bin;C:\Program Files\Git\cmd;C:\Users\Dharmawan\AppData\Local\Programs\Python\Launcher\;C:\Users\Dharmawan\AppData\Local\Microsoft\WindowsApps;C:\MinGW\bin;C:\Users\Dharmawan\AppData\Local\Programs\Microsoft VS Code\bin;C:\Users\Dharmawan\AppData\Local\Programs\MiKTeX\miktex\bin\x64\;C:\Users\Dharmawan\AppData\Roaming\TinyTeX\bin\windows
USERNAME=Dharmawan
OS=Windows_NT
PROCESSOR_IDENTIFIER=Intel64 Family 6 Model 140 Stepping 2, GenuineIntel
TMP=C:\Users\DHARMA~1\AppData\Local\Temp
TEMP=C:\Users\DHARMA~1\AppData\Local\Temp




Periodic native trim disabled

---------------  S Y S T E M  ---------------

OS:
 Windows 11 , 64 bit Build 26100 (10.0.26100.5074)
OS uptime: 19 days 22:58 hours
Hyper-V role detected

CPU: total 8 (initial active 8) (4 cores per cpu, 2 threads per core) family 6 model 140 stepping 2 microcode 0x22, cx8, cmov, fxsr, ht, mmx, 3dnowpref, sse, sse2, sse3, ssse3, sse4.1, sse4.2, popcnt, lzcnt, tsc, tscinvbit, avx, avx2, aes, erms, clmul, bmi1, bmi2, adx, avx512f, avx512dq, avx512cd, avx512bw, avx512vl, sha, fma, vzeroupper, avx512_vpopcntdq, avx512_vpclmulqdq, avx512_vaes, avx512_vnni, clflush, clflushopt, clwb, avx512_vbmi2, avx512_vbmi, hv, rdtscp, rdpid, fsrm, gfni, avx512_bitalg, f16c, cet_ibt, cet_ss, avx512_ifma
Processor Information for the first 8 processors :
  Max Mhz: 2496, Current Mhz: 2496, Mhz Limit: 2496

Memory: 4k page, system-wide physical 7894M (676M free)
TotalPageFile size 23254M (AvailPageFile size 5044M)
current process WorkingSet (physical memory assigned to process): 68M, peak: 68M
current process commit charge ("private bytes"): 237M, peak: 237M

vm_info: OpenJDK 64-Bit Server VM (24.0.2+12-54) for windows-amd64 JRE (24.0.2+12-54), built on 2025-07-08T12:10:27Z with MS VC++ 17.6 (VS2022)

END.
